[0.410s] DEBUG:colcon:Command line arguments: ['/usr/bin/colcon', 'build']
[0.410s] DEBUG:colcon:Parsed command line arguments: Namespace(allow_overriding=[], ament_cmake_args=None, base_paths=['.'], build_base='build', catkin_cmake_args=None, catkin_skip_building_tests=False, cmake_args=None, cmake_clean_cache=False, cmake_clean_first=False, cmake_force_configure=False, cmake_target=None, cmake_target_skip_unavailable=False, continue_on_error=False, event_handlers=None, executor='parallel', ignore_user_meta=False, install_base='install', log_base=None, log_level=None, main=<bound method BuildVerb.main of <colcon_core.verb.build.BuildVerb object at 0xffff8cdf0dc0>>, merge_install=False, metas=['./colcon.meta'], mixin=None, mixin_files=None, mixin_verb=('build',), packages_above=None, packages_above_and_dependencies=None, packages_above_depth=None, packages_end=None, packages_ignore=None, packages_ignore_regex=None, packages_select=None, packages_select_build_failed=False, packages_select_by_dep=None, packages_select_regex=None, packages_select_test_failures=False, packages_skip=None, packages_skip_build_finished=False, packages_skip_by_dep=None, packages_skip_regex=None, packages_skip_test_passed=False, packages_skip_up_to=None, packages_start=None, packages_up_to=None, packages_up_to_regex=None, parallel_workers=6, paths=None, symlink_install=False, test_result_base=None, verb_extension=<colcon_core.verb.build.BuildVerb object at 0xffff8cdf0dc0>, verb_name='build', verb_parser=<colcon_mixin.mixin.mixin_argument.MixinArgumentDecorator object at 0xffff8cdfe2e0>)
[0.716s] Level 1:colcon.colcon_core.package_discovery:discover_packages(colcon_meta) check parameters
[0.717s] Level 1:colcon.colcon_core.package_discovery:discover_packages(recursive) check parameters
[0.717s] Level 1:colcon.colcon_core.package_discovery:discover_packages(ignore) check parameters
[0.717s] Level 1:colcon.colcon_core.package_discovery:discover_packages(path) check parameters
[0.717s] Level 1:colcon.colcon_core.package_discovery:discover_packages(colcon_meta) discover
[0.717s] Level 1:colcon.colcon_core.package_discovery:discover_packages(recursive) discover
[0.717s] INFO:colcon.colcon_core.package_discovery:Crawling recursively for packages in '/home/ofek/grocery_picking_ws'
[0.717s] Level 1:colcon.colcon_core.package_identification:_identify(.) by extensions ['ignore', 'ignore_ament_install']
[0.718s] Level 1:colcon.colcon_core.package_identification:_identify(.) by extension 'ignore'
[0.718s] Level 1:colcon.colcon_core.package_identification:_identify(.) by extension 'ignore_ament_install'
[0.718s] Level 1:colcon.colcon_core.package_identification:_identify(.) by extensions ['colcon_pkg']
[0.718s] Level 1:colcon.colcon_core.package_identification:_identify(.) by extension 'colcon_pkg'
[0.718s] Level 1:colcon.colcon_core.package_identification:_identify(.) by extensions ['colcon_meta']
[0.718s] Level 1:colcon.colcon_core.package_identification:_identify(.) by extension 'colcon_meta'
[0.718s] Level 1:colcon.colcon_core.package_identification:_identify(.) by extensions ['ros']
[0.718s] Level 1:colcon.colcon_core.package_identification:_identify(.) by extension 'ros'
[0.739s] Level 1:colcon.colcon_core.package_identification:_identify(.) by extensions ['cmake', 'python']
[0.740s] Level 1:colcon.colcon_core.package_identification:_identify(.) by extension 'cmake'
[0.740s] Level 1:colcon.colcon_core.package_identification:_identify(.) by extension 'python'
[0.740s] Level 1:colcon.colcon_core.package_identification:_identify(.) by extensions ['python_setup_py']
[0.740s] Level 1:colcon.colcon_core.package_identification:_identify(.) by extension 'python_setup_py'
[0.740s] Level 1:colcon.colcon_core.package_identification:_identify(base) by extensions ['ignore', 'ignore_ament_install']
[0.740s] Level 1:colcon.colcon_core.package_identification:_identify(base) by extension 'ignore'
[0.741s] Level 1:colcon.colcon_core.package_identification:_identify(base) by extension 'ignore_ament_install'
[0.741s] Level 1:colcon.colcon_core.package_identification:_identify(base) by extensions ['colcon_pkg']
[0.741s] Level 1:colcon.colcon_core.package_identification:_identify(base) by extension 'colcon_pkg'
[0.741s] Level 1:colcon.colcon_core.package_identification:_identify(base) by extensions ['colcon_meta']
[0.741s] Level 1:colcon.colcon_core.package_identification:_identify(base) by extension 'colcon_meta'
[0.741s] Level 1:colcon.colcon_core.package_identification:_identify(base) by extensions ['ros']
[0.741s] Level 1:colcon.colcon_core.package_identification:_identify(base) by extension 'ros'
[0.741s] Level 1:colcon.colcon_core.package_identification:_identify(base) by extensions ['cmake', 'python']
[0.741s] Level 1:colcon.colcon_core.package_identification:_identify(base) by extension 'cmake'
[0.741s] Level 1:colcon.colcon_core.package_identification:_identify(base) by extension 'python'
[0.742s] Level 1:colcon.colcon_core.package_identification:_identify(base) by extensions ['python_setup_py']
[0.742s] Level 1:colcon.colcon_core.package_identification:_identify(base) by extension 'python_setup_py'
[0.742s] Level 1:colcon.colcon_core.package_identification:_identify(build) by extensions ['ignore', 'ignore_ament_install']
[0.742s] Level 1:colcon.colcon_core.package_identification:_identify(build) by extension 'ignore'
[0.742s] Level 1:colcon.colcon_core.package_identification:_identify(build) ignored
[0.742s] Level 1:colcon.colcon_core.package_identification:_identify(control) by extensions ['ignore', 'ignore_ament_install']
[0.743s] Level 1:colcon.colcon_core.package_identification:_identify(control) by extension 'ignore'
[0.743s] Level 1:colcon.colcon_core.package_identification:_identify(control) by extension 'ignore_ament_install'
[0.743s] Level 1:colcon.colcon_core.package_identification:_identify(control) by extensions ['colcon_pkg']
[0.743s] Level 1:colcon.colcon_core.package_identification:_identify(control) by extension 'colcon_pkg'
[0.743s] Level 1:colcon.colcon_core.package_identification:_identify(control) by extensions ['colcon_meta']
[0.743s] Level 1:colcon.colcon_core.package_identification:_identify(control) by extension 'colcon_meta'
[0.743s] Level 1:colcon.colcon_core.package_identification:_identify(control) by extensions ['ros']
[0.743s] Level 1:colcon.colcon_core.package_identification:_identify(control) by extension 'ros'
[0.743s] Level 1:colcon.colcon_core.package_identification:_identify(control) by extensions ['cmake', 'python']
[0.743s] Level 1:colcon.colcon_core.package_identification:_identify(control) by extension 'cmake'
[0.743s] Level 1:colcon.colcon_core.package_identification:_identify(control) by extension 'python'
[0.744s] Level 1:colcon.colcon_core.package_identification:_identify(control) by extensions ['python_setup_py']
[0.744s] Level 1:colcon.colcon_core.package_identification:_identify(control) by extension 'python_setup_py'
[0.744s] Level 1:colcon.colcon_core.package_identification:_identify(control/low_level_control) by extensions ['ignore', 'ignore_ament_install']
[0.744s] Level 1:colcon.colcon_core.package_identification:_identify(control/low_level_control) by extension 'ignore'
[0.744s] Level 1:colcon.colcon_core.package_identification:_identify(control/low_level_control) by extension 'ignore_ament_install'
[0.744s] Level 1:colcon.colcon_core.package_identification:_identify(control/low_level_control) by extensions ['colcon_pkg']
[0.744s] Level 1:colcon.colcon_core.package_identification:_identify(control/low_level_control) by extension 'colcon_pkg'
[0.744s] Level 1:colcon.colcon_core.package_identification:_identify(control/low_level_control) by extensions ['colcon_meta']
[0.744s] Level 1:colcon.colcon_core.package_identification:_identify(control/low_level_control) by extension 'colcon_meta'
[0.744s] Level 1:colcon.colcon_core.package_identification:_identify(control/low_level_control) by extensions ['ros']
[0.745s] Level 1:colcon.colcon_core.package_identification:_identify(control/low_level_control) by extension 'ros'
[0.749s] DEBUG:colcon.colcon_core.package_identification:Package 'control/low_level_control' with type 'ros.ament_cmake' and name 'low_level_control'
[0.750s] Level 1:colcon.colcon_core.package_identification:_identify(control/remote_control) by extensions ['ignore', 'ignore_ament_install']
[0.750s] Level 1:colcon.colcon_core.package_identification:_identify(control/remote_control) by extension 'ignore'
[0.750s] Level 1:colcon.colcon_core.package_identification:_identify(control/remote_control) by extension 'ignore_ament_install'
[0.750s] Level 1:colcon.colcon_core.package_identification:_identify(control/remote_control) by extensions ['colcon_pkg']
[0.750s] Level 1:colcon.colcon_core.package_identification:_identify(control/remote_control) by extension 'colcon_pkg'
[0.750s] Level 1:colcon.colcon_core.package_identification:_identify(control/remote_control) by extensions ['colcon_meta']
[0.750s] Level 1:colcon.colcon_core.package_identification:_identify(control/remote_control) by extension 'colcon_meta'
[0.751s] Level 1:colcon.colcon_core.package_identification:_identify(control/remote_control) by extensions ['ros']
[0.751s] Level 1:colcon.colcon_core.package_identification:_identify(control/remote_control) by extension 'ros'
[0.752s] DEBUG:colcon.colcon_core.package_identification:Package 'control/remote_control' with type 'ros.ament_python' and name 'remote_control'
[0.752s] Level 1:colcon.colcon_core.package_identification:_identify(install) by extensions ['ignore', 'ignore_ament_install']
[0.752s] Level 1:colcon.colcon_core.package_identification:_identify(install) by extension 'ignore'
[0.752s] Level 1:colcon.colcon_core.package_identification:_identify(install) ignored
[0.753s] Level 1:colcon.colcon_core.package_identification:_identify(localization) by extensions ['ignore', 'ignore_ament_install']
[0.753s] Level 1:colcon.colcon_core.package_identification:_identify(localization) by extension 'ignore'
[0.753s] Level 1:colcon.colcon_core.package_identification:_identify(localization) by extension 'ignore_ament_install'
[0.753s] Level 1:colcon.colcon_core.package_identification:_identify(localization) by extensions ['colcon_pkg']
[0.753s] Level 1:colcon.colcon_core.package_identification:_identify(localization) by extension 'colcon_pkg'
[0.753s] Level 1:colcon.colcon_core.package_identification:_identify(localization) by extensions ['colcon_meta']
[0.753s] Level 1:colcon.colcon_core.package_identification:_identify(localization) by extension 'colcon_meta'
[0.753s] Level 1:colcon.colcon_core.package_identification:_identify(localization) by extensions ['ros']
[0.753s] Level 1:colcon.colcon_core.package_identification:_identify(localization) by extension 'ros'
[0.754s] Level 1:colcon.colcon_core.package_identification:_identify(localization) by extensions ['cmake', 'python']
[0.754s] Level 1:colcon.colcon_core.package_identification:_identify(localization) by extension 'cmake'
[0.754s] Level 1:colcon.colcon_core.package_identification:_identify(localization) by extension 'python'
[0.754s] Level 1:colcon.colcon_core.package_identification:_identify(localization) by extensions ['python_setup_py']
[0.754s] Level 1:colcon.colcon_core.package_identification:_identify(localization) by extension 'python_setup_py'
[0.754s] Level 1:colcon.colcon_core.package_identification:_identify(localization/localization) by extensions ['ignore', 'ignore_ament_install']
[0.754s] Level 1:colcon.colcon_core.package_identification:_identify(localization/localization) by extension 'ignore'
[0.754s] Level 1:colcon.colcon_core.package_identification:_identify(localization/localization) by extension 'ignore_ament_install'
[0.755s] Level 1:colcon.colcon_core.package_identification:_identify(localization/localization) by extensions ['colcon_pkg']
[0.755s] Level 1:colcon.colcon_core.package_identification:_identify(localization/localization) by extension 'colcon_pkg'
[0.755s] Level 1:colcon.colcon_core.package_identification:_identify(localization/localization) by extensions ['colcon_meta']
[0.755s] Level 1:colcon.colcon_core.package_identification:_identify(localization/localization) by extension 'colcon_meta'
[0.755s] Level 1:colcon.colcon_core.package_identification:_identify(localization/localization) by extensions ['ros']
[0.755s] Level 1:colcon.colcon_core.package_identification:_identify(localization/localization) by extension 'ros'
[0.756s] DEBUG:colcon.colcon_core.package_identification:Package 'localization/localization' with type 'ros.ament_cmake' and name 'localization'
[0.757s] Level 1:colcon.colcon_core.package_identification:_identify(localization/rf2o_laser_odometry) by extensions ['ignore', 'ignore_ament_install']
[0.757s] Level 1:colcon.colcon_core.package_identification:_identify(localization/rf2o_laser_odometry) by extension 'ignore'
[0.757s] Level 1:colcon.colcon_core.package_identification:_identify(localization/rf2o_laser_odometry) by extension 'ignore_ament_install'
[0.757s] Level 1:colcon.colcon_core.package_identification:_identify(localization/rf2o_laser_odometry) by extensions ['colcon_pkg']
[0.757s] Level 1:colcon.colcon_core.package_identification:_identify(localization/rf2o_laser_odometry) by extension 'colcon_pkg'
[0.757s] Level 1:colcon.colcon_core.package_identification:_identify(localization/rf2o_laser_odometry) by extensions ['colcon_meta']
[0.757s] Level 1:colcon.colcon_core.package_identification:_identify(localization/rf2o_laser_odometry) by extension 'colcon_meta'
[0.757s] Level 1:colcon.colcon_core.package_identification:_identify(localization/rf2o_laser_odometry) by extensions ['ros']
[0.757s] Level 1:colcon.colcon_core.package_identification:_identify(localization/rf2o_laser_odometry) by extension 'ros'
[0.759s] DEBUG:colcon.colcon_core.package_identification:Package 'localization/rf2o_laser_odometry' with type 'ros.ament_cmake' and name 'rf2o_laser_odometry'
[0.760s] Level 1:colcon.colcon_core.package_identification:_identify(log) by extensions ['ignore', 'ignore_ament_install']
[0.760s] Level 1:colcon.colcon_core.package_identification:_identify(log) by extension 'ignore'
[0.760s] Level 1:colcon.colcon_core.package_identification:_identify(log) ignored
[0.760s] Level 1:colcon.colcon_core.package_identification:_identify(mapping) by extensions ['ignore', 'ignore_ament_install']
[0.760s] Level 1:colcon.colcon_core.package_identification:_identify(mapping) by extension 'ignore'
[0.760s] Level 1:colcon.colcon_core.package_identification:_identify(mapping) by extension 'ignore_ament_install'
[0.761s] Level 1:colcon.colcon_core.package_identification:_identify(mapping) by extensions ['colcon_pkg']
[0.761s] Level 1:colcon.colcon_core.package_identification:_identify(mapping) by extension 'colcon_pkg'
[0.761s] Level 1:colcon.colcon_core.package_identification:_identify(mapping) by extensions ['colcon_meta']
[0.761s] Level 1:colcon.colcon_core.package_identification:_identify(mapping) by extension 'colcon_meta'
[0.761s] Level 1:colcon.colcon_core.package_identification:_identify(mapping) by extensions ['ros']
[0.761s] Level 1:colcon.colcon_core.package_identification:_identify(mapping) by extension 'ros'
[0.761s] Level 1:colcon.colcon_core.package_identification:_identify(mapping) by extensions ['cmake', 'python']
[0.761s] Level 1:colcon.colcon_core.package_identification:_identify(mapping) by extension 'cmake'
[0.761s] Level 1:colcon.colcon_core.package_identification:_identify(mapping) by extension 'python'
[0.761s] Level 1:colcon.colcon_core.package_identification:_identify(mapping) by extensions ['python_setup_py']
[0.761s] Level 1:colcon.colcon_core.package_identification:_identify(mapping) by extension 'python_setup_py'
[0.762s] Level 1:colcon.colcon_core.package_identification:_identify(mission) by extensions ['ignore', 'ignore_ament_install']
[0.762s] Level 1:colcon.colcon_core.package_identification:_identify(mission) by extension 'ignore'
[0.762s] Level 1:colcon.colcon_core.package_identification:_identify(mission) by extension 'ignore_ament_install'
[0.762s] Level 1:colcon.colcon_core.package_identification:_identify(mission) by extensions ['colcon_pkg']
[0.762s] Level 1:colcon.colcon_core.package_identification:_identify(mission) by extension 'colcon_pkg'
[0.762s] Level 1:colcon.colcon_core.package_identification:_identify(mission) by extensions ['colcon_meta']
[0.762s] Level 1:colcon.colcon_core.package_identification:_identify(mission) by extension 'colcon_meta'
[0.762s] Level 1:colcon.colcon_core.package_identification:_identify(mission) by extensions ['ros']
[0.762s] Level 1:colcon.colcon_core.package_identification:_identify(mission) by extension 'ros'
[0.763s] Level 1:colcon.colcon_core.package_identification:_identify(mission) by extensions ['cmake', 'python']
[0.763s] Level 1:colcon.colcon_core.package_identification:_identify(mission) by extension 'cmake'
[0.763s] Level 1:colcon.colcon_core.package_identification:_identify(mission) by extension 'python'
[0.763s] Level 1:colcon.colcon_core.package_identification:_identify(mission) by extensions ['python_setup_py']
[0.763s] Level 1:colcon.colcon_core.package_identification:_identify(mission) by extension 'python_setup_py'
[0.763s] Level 1:colcon.colcon_core.package_identification:_identify(navigation) by extensions ['ignore', 'ignore_ament_install']
[0.763s] Level 1:colcon.colcon_core.package_identification:_identify(navigation) by extension 'ignore'
[0.763s] Level 1:colcon.colcon_core.package_identification:_identify(navigation) by extension 'ignore_ament_install'
[0.763s] Level 1:colcon.colcon_core.package_identification:_identify(navigation) by extensions ['colcon_pkg']
[0.763s] Level 1:colcon.colcon_core.package_identification:_identify(navigation) by extension 'colcon_pkg'
[0.764s] Level 1:colcon.colcon_core.package_identification:_identify(navigation) by extensions ['colcon_meta']
[0.764s] Level 1:colcon.colcon_core.package_identification:_identify(navigation) by extension 'colcon_meta'
[0.764s] Level 1:colcon.colcon_core.package_identification:_identify(navigation) by extensions ['ros']
[0.764s] Level 1:colcon.colcon_core.package_identification:_identify(navigation) by extension 'ros'
[0.764s] Level 1:colcon.colcon_core.package_identification:_identify(navigation) by extensions ['cmake', 'python']
[0.764s] Level 1:colcon.colcon_core.package_identification:_identify(navigation) by extension 'cmake'
[0.764s] Level 1:colcon.colcon_core.package_identification:_identify(navigation) by extension 'python'
[0.764s] Level 1:colcon.colcon_core.package_identification:_identify(navigation) by extensions ['python_setup_py']
[0.764s] Level 1:colcon.colcon_core.package_identification:_identify(navigation) by extension 'python_setup_py'
[0.764s] Level 1:colcon.colcon_core.package_identification:_identify(navigation/navigation) by extensions ['ignore', 'ignore_ament_install']
[0.765s] Level 1:colcon.colcon_core.package_identification:_identify(navigation/navigation) by extension 'ignore'
[0.765s] Level 1:colcon.colcon_core.package_identification:_identify(navigation/navigation) by extension 'ignore_ament_install'
[0.765s] Level 1:colcon.colcon_core.package_identification:_identify(navigation/navigation) by extensions ['colcon_pkg']
[0.765s] Level 1:colcon.colcon_core.package_identification:_identify(navigation/navigation) by extension 'colcon_pkg'
[0.765s] Level 1:colcon.colcon_core.package_identification:_identify(navigation/navigation) by extensions ['colcon_meta']
[0.765s] Level 1:colcon.colcon_core.package_identification:_identify(navigation/navigation) by extension 'colcon_meta'
[0.765s] Level 1:colcon.colcon_core.package_identification:_identify(navigation/navigation) by extensions ['ros']
[0.765s] Level 1:colcon.colcon_core.package_identification:_identify(navigation/navigation) by extension 'ros'
[0.766s] DEBUG:colcon.colcon_core.package_identification:Package 'navigation/navigation' with type 'ros.ament_cmake' and name 'navigation'
[0.766s] Level 1:colcon.colcon_core.package_identification:_identify(planning) by extensions ['ignore', 'ignore_ament_install']
[0.766s] Level 1:colcon.colcon_core.package_identification:_identify(planning) by extension 'ignore'
[0.767s] Level 1:colcon.colcon_core.package_identification:_identify(planning) by extension 'ignore_ament_install'
[0.767s] Level 1:colcon.colcon_core.package_identification:_identify(planning) by extensions ['colcon_pkg']
[0.767s] Level 1:colcon.colcon_core.package_identification:_identify(planning) by extension 'colcon_pkg'
[0.767s] Level 1:colcon.colcon_core.package_identification:_identify(planning) by extensions ['colcon_meta']
[0.767s] Level 1:colcon.colcon_core.package_identification:_identify(planning) by extension 'colcon_meta'
[0.767s] Level 1:colcon.colcon_core.package_identification:_identify(planning) by extensions ['ros']
[0.767s] Level 1:colcon.colcon_core.package_identification:_identify(planning) by extension 'ros'
[0.767s] Level 1:colcon.colcon_core.package_identification:_identify(planning) by extensions ['cmake', 'python']
[0.767s] Level 1:colcon.colcon_core.package_identification:_identify(planning) by extension 'cmake'
[0.767s] Level 1:colcon.colcon_core.package_identification:_identify(planning) by extension 'python'
[0.768s] Level 1:colcon.colcon_core.package_identification:_identify(planning) by extensions ['python_setup_py']
[0.768s] Level 1:colcon.colcon_core.package_identification:_identify(planning) by extension 'python_setup_py'
[0.768s] Level 1:colcon.colcon_core.package_identification:_identify(robot_description) by extensions ['ignore', 'ignore_ament_install']
[0.768s] Level 1:colcon.colcon_core.package_identification:_identify(robot_description) by extension 'ignore'
[0.768s] Level 1:colcon.colcon_core.package_identification:_identify(robot_description) by extension 'ignore_ament_install'
[0.768s] Level 1:colcon.colcon_core.package_identification:_identify(robot_description) by extensions ['colcon_pkg']
[0.768s] Level 1:colcon.colcon_core.package_identification:_identify(robot_description) by extension 'colcon_pkg'
[0.768s] Level 1:colcon.colcon_core.package_identification:_identify(robot_description) by extensions ['colcon_meta']
[0.768s] Level 1:colcon.colcon_core.package_identification:_identify(robot_description) by extension 'colcon_meta'
[0.768s] Level 1:colcon.colcon_core.package_identification:_identify(robot_description) by extensions ['ros']
[0.769s] Level 1:colcon.colcon_core.package_identification:_identify(robot_description) by extension 'ros'
[0.769s] Level 1:colcon.colcon_core.package_identification:_identify(robot_description) by extensions ['cmake', 'python']
[0.769s] Level 1:colcon.colcon_core.package_identification:_identify(robot_description) by extension 'cmake'
[0.769s] Level 1:colcon.colcon_core.package_identification:_identify(robot_description) by extension 'python'
[0.769s] Level 1:colcon.colcon_core.package_identification:_identify(robot_description) by extensions ['python_setup_py']
[0.769s] Level 1:colcon.colcon_core.package_identification:_identify(robot_description) by extension 'python_setup_py'
[0.769s] Level 1:colcon.colcon_core.package_identification:_identify(robot_description/snot_robot_description) by extensions ['ignore', 'ignore_ament_install']
[0.769s] Level 1:colcon.colcon_core.package_identification:_identify(robot_description/snot_robot_description) by extension 'ignore'
[0.769s] Level 1:colcon.colcon_core.package_identification:_identify(robot_description/snot_robot_description) by extension 'ignore_ament_install'
[0.770s] Level 1:colcon.colcon_core.package_identification:_identify(robot_description/snot_robot_description) by extensions ['colcon_pkg']
[0.770s] Level 1:colcon.colcon_core.package_identification:_identify(robot_description/snot_robot_description) by extension 'colcon_pkg'
[0.770s] Level 1:colcon.colcon_core.package_identification:_identify(robot_description/snot_robot_description) by extensions ['colcon_meta']
[0.770s] Level 1:colcon.colcon_core.package_identification:_identify(robot_description/snot_robot_description) by extension 'colcon_meta'
[0.770s] Level 1:colcon.colcon_core.package_identification:_identify(robot_description/snot_robot_description) by extensions ['ros']
[0.770s] Level 1:colcon.colcon_core.package_identification:_identify(robot_description/snot_robot_description) by extension 'ros'
[0.772s] DEBUG:colcon.colcon_core.package_identification:Package 'robot_description/snot_robot_description' with type 'ros.ament_cmake' and name 'snot_robot_description'
[0.772s] Level 1:colcon.colcon_core.package_identification:_identify(sensors) by extensions ['ignore', 'ignore_ament_install']
[0.772s] Level 1:colcon.colcon_core.package_identification:_identify(sensors) by extension 'ignore'
[0.772s] Level 1:colcon.colcon_core.package_identification:_identify(sensors) by extension 'ignore_ament_install'
[0.772s] Level 1:colcon.colcon_core.package_identification:_identify(sensors) by extensions ['colcon_pkg']
[0.772s] Level 1:colcon.colcon_core.package_identification:_identify(sensors) by extension 'colcon_pkg'
[0.772s] Level 1:colcon.colcon_core.package_identification:_identify(sensors) by extensions ['colcon_meta']
[0.772s] Level 1:colcon.colcon_core.package_identification:_identify(sensors) by extension 'colcon_meta'
[0.773s] Level 1:colcon.colcon_core.package_identification:_identify(sensors) by extensions ['ros']
[0.773s] Level 1:colcon.colcon_core.package_identification:_identify(sensors) by extension 'ros'
[0.773s] Level 1:colcon.colcon_core.package_identification:_identify(sensors) by extensions ['cmake', 'python']
[0.773s] Level 1:colcon.colcon_core.package_identification:_identify(sensors) by extension 'cmake'
[0.773s] Level 1:colcon.colcon_core.package_identification:_identify(sensors) by extension 'python'
[0.773s] Level 1:colcon.colcon_core.package_identification:_identify(sensors) by extensions ['python_setup_py']
[0.773s] Level 1:colcon.colcon_core.package_identification:_identify(sensors) by extension 'python_setup_py'
[0.773s] Level 1:colcon.colcon_core.package_identification:_identify(sensors/ros-imu-bno055) by extensions ['ignore', 'ignore_ament_install']
[0.773s] Level 1:colcon.colcon_core.package_identification:_identify(sensors/ros-imu-bno055) by extension 'ignore'
[0.774s] Level 1:colcon.colcon_core.package_identification:_identify(sensors/ros-imu-bno055) by extension 'ignore_ament_install'
[0.774s] Level 1:colcon.colcon_core.package_identification:_identify(sensors/ros-imu-bno055) by extensions ['colcon_pkg']
[0.774s] Level 1:colcon.colcon_core.package_identification:_identify(sensors/ros-imu-bno055) by extension 'colcon_pkg'
[0.774s] Level 1:colcon.colcon_core.package_identification:_identify(sensors/ros-imu-bno055) by extensions ['colcon_meta']
[0.774s] Level 1:colcon.colcon_core.package_identification:_identify(sensors/ros-imu-bno055) by extension 'colcon_meta'
[0.774s] Level 1:colcon.colcon_core.package_identification:_identify(sensors/ros-imu-bno055) by extensions ['ros']
[0.774s] Level 1:colcon.colcon_core.package_identification:_identify(sensors/ros-imu-bno055) by extension 'ros'
[0.781s] DEBUG:colcon.colcon_core.package_identification:Package 'sensors/ros-imu-bno055' with type 'ros.ament_cmake' and name 'imu_bno055'
[0.782s] Level 1:colcon.colcon_core.package_identification:_identify(sensors/rplidar_ros) by extensions ['ignore', 'ignore_ament_install']
[0.782s] Level 1:colcon.colcon_core.package_identification:_identify(sensors/rplidar_ros) by extension 'ignore'
[0.782s] Level 1:colcon.colcon_core.package_identification:_identify(sensors/rplidar_ros) by extension 'ignore_ament_install'
[0.782s] Level 1:colcon.colcon_core.package_identification:_identify(sensors/rplidar_ros) by extensions ['colcon_pkg']
[0.782s] Level 1:colcon.colcon_core.package_identification:_identify(sensors/rplidar_ros) by extension 'colcon_pkg'
[0.782s] Level 1:colcon.colcon_core.package_identification:_identify(sensors/rplidar_ros) by extensions ['colcon_meta']
[0.783s] Level 1:colcon.colcon_core.package_identification:_identify(sensors/rplidar_ros) by extension 'colcon_meta'
[0.783s] Level 1:colcon.colcon_core.package_identification:_identify(sensors/rplidar_ros) by extensions ['ros']
[0.783s] Level 1:colcon.colcon_core.package_identification:_identify(sensors/rplidar_ros) by extension 'ros'
[0.784s] DEBUG:colcon.colcon_core.package_identification:Package 'sensors/rplidar_ros' with type 'ros.ament_cmake' and name 'rplidar_ros'
[0.784s] Level 1:colcon.colcon_core.package_identification:_identify(slam) by extensions ['ignore', 'ignore_ament_install']
[0.784s] Level 1:colcon.colcon_core.package_identification:_identify(slam) by extension 'ignore'
[0.784s] Level 1:colcon.colcon_core.package_identification:_identify(slam) by extension 'ignore_ament_install'
[0.785s] Level 1:colcon.colcon_core.package_identification:_identify(slam) by extensions ['colcon_pkg']
[0.785s] Level 1:colcon.colcon_core.package_identification:_identify(slam) by extension 'colcon_pkg'
[0.785s] Level 1:colcon.colcon_core.package_identification:_identify(slam) by extensions ['colcon_meta']
[0.785s] Level 1:colcon.colcon_core.package_identification:_identify(slam) by extension 'colcon_meta'
[0.785s] Level 1:colcon.colcon_core.package_identification:_identify(slam) by extensions ['ros']
[0.785s] Level 1:colcon.colcon_core.package_identification:_identify(slam) by extension 'ros'
[0.785s] Level 1:colcon.colcon_core.package_identification:_identify(slam) by extensions ['cmake', 'python']
[0.785s] Level 1:colcon.colcon_core.package_identification:_identify(slam) by extension 'cmake'
[0.785s] Level 1:colcon.colcon_core.package_identification:_identify(slam) by extension 'python'
[0.785s] Level 1:colcon.colcon_core.package_identification:_identify(slam) by extensions ['python_setup_py']
[0.785s] Level 1:colcon.colcon_core.package_identification:_identify(slam) by extension 'python_setup_py'
[0.786s] Level 1:colcon.colcon_core.package_identification:_identify(slam/slam) by extensions ['ignore', 'ignore_ament_install']
[0.786s] Level 1:colcon.colcon_core.package_identification:_identify(slam/slam) by extension 'ignore'
[0.786s] Level 1:colcon.colcon_core.package_identification:_identify(slam/slam) by extension 'ignore_ament_install'
[0.786s] Level 1:colcon.colcon_core.package_identification:_identify(slam/slam) by extensions ['colcon_pkg']
[0.786s] Level 1:colcon.colcon_core.package_identification:_identify(slam/slam) by extension 'colcon_pkg'
[0.786s] Level 1:colcon.colcon_core.package_identification:_identify(slam/slam) by extensions ['colcon_meta']
[0.786s] Level 1:colcon.colcon_core.package_identification:_identify(slam/slam) by extension 'colcon_meta'
[0.786s] Level 1:colcon.colcon_core.package_identification:_identify(slam/slam) by extensions ['ros']
[0.786s] Level 1:colcon.colcon_core.package_identification:_identify(slam/slam) by extension 'ros'
[0.787s] DEBUG:colcon.colcon_core.package_identification:Package 'slam/slam' with type 'ros.ament_cmake' and name 'slam'
[0.788s] Level 1:colcon.colcon_core.package_identification:_identify(src) by extensions ['ignore', 'ignore_ament_install']
[0.788s] Level 1:colcon.colcon_core.package_identification:_identify(src) by extension 'ignore'
[0.788s] Level 1:colcon.colcon_core.package_identification:_identify(src) by extension 'ignore_ament_install'
[0.788s] Level 1:colcon.colcon_core.package_identification:_identify(src) by extensions ['colcon_pkg']
[0.788s] Level 1:colcon.colcon_core.package_identification:_identify(src) by extension 'colcon_pkg'
[0.788s] Level 1:colcon.colcon_core.package_identification:_identify(src) by extensions ['colcon_meta']
[0.788s] Level 1:colcon.colcon_core.package_identification:_identify(src) by extension 'colcon_meta'
[0.788s] Level 1:colcon.colcon_core.package_identification:_identify(src) by extensions ['ros']
[0.788s] Level 1:colcon.colcon_core.package_identification:_identify(src) by extension 'ros'
[0.789s] Level 1:colcon.colcon_core.package_identification:_identify(src) by extensions ['cmake', 'python']
[0.789s] Level 1:colcon.colcon_core.package_identification:_identify(src) by extension 'cmake'
[0.789s] Level 1:colcon.colcon_core.package_identification:_identify(src) by extension 'python'
[0.789s] Level 1:colcon.colcon_core.package_identification:_identify(src) by extensions ['python_setup_py']
[0.789s] Level 1:colcon.colcon_core.package_identification:_identify(src) by extension 'python_setup_py'
[0.789s] Level 1:colcon.colcon_core.package_identification:_identify(src/base) by extensions ['ignore', 'ignore_ament_install']
[0.789s] Level 1:colcon.colcon_core.package_identification:_identify(src/base) by extension 'ignore'
[0.789s] Level 1:colcon.colcon_core.package_identification:_identify(src/base) by extension 'ignore_ament_install'
[0.790s] Level 1:colcon.colcon_core.package_identification:_identify(src/base) by extensions ['colcon_pkg']
[0.790s] Level 1:colcon.colcon_core.package_identification:_identify(src/base) by extension 'colcon_pkg'
[0.790s] Level 1:colcon.colcon_core.package_identification:_identify(src/base) by extensions ['colcon_meta']
[0.790s] Level 1:colcon.colcon_core.package_identification:_identify(src/base) by extension 'colcon_meta'
[0.790s] Level 1:colcon.colcon_core.package_identification:_identify(src/base) by extensions ['ros']
[0.790s] Level 1:colcon.colcon_core.package_identification:_identify(src/base) by extension 'ros'
[0.790s] Level 1:colcon.colcon_core.package_identification:_identify(src/base) by extensions ['cmake', 'python']
[0.790s] Level 1:colcon.colcon_core.package_identification:_identify(src/base) by extension 'cmake'
[0.790s] Level 1:colcon.colcon_core.package_identification:_identify(src/base) by extension 'python'
[0.790s] Level 1:colcon.colcon_core.package_identification:_identify(src/base) by extensions ['python_setup_py']
[0.790s] Level 1:colcon.colcon_core.package_identification:_identify(src/base) by extension 'python_setup_py'
[0.791s] Level 1:colcon.colcon_core.package_identification:_identify(src/control) by extensions ['ignore', 'ignore_ament_install']
[0.791s] Level 1:colcon.colcon_core.package_identification:_identify(src/control) by extension 'ignore'
[0.791s] Level 1:colcon.colcon_core.package_identification:_identify(src/control) by extension 'ignore_ament_install'
[0.791s] Level 1:colcon.colcon_core.package_identification:_identify(src/control) by extensions ['colcon_pkg']
[0.791s] Level 1:colcon.colcon_core.package_identification:_identify(src/control) by extension 'colcon_pkg'
[0.791s] Level 1:colcon.colcon_core.package_identification:_identify(src/control) by extensions ['colcon_meta']
[0.791s] Level 1:colcon.colcon_core.package_identification:_identify(src/control) by extension 'colcon_meta'
[0.791s] Level 1:colcon.colcon_core.package_identification:_identify(src/control) by extensions ['ros']
[0.791s] Level 1:colcon.colcon_core.package_identification:_identify(src/control) by extension 'ros'
[0.792s] Level 1:colcon.colcon_core.package_identification:_identify(src/control) by extensions ['cmake', 'python']
[0.792s] Level 1:colcon.colcon_core.package_identification:_identify(src/control) by extension 'cmake'
[0.792s] Level 1:colcon.colcon_core.package_identification:_identify(src/control) by extension 'python'
[0.792s] Level 1:colcon.colcon_core.package_identification:_identify(src/control) by extensions ['python_setup_py']
[0.792s] Level 1:colcon.colcon_core.package_identification:_identify(src/control) by extension 'python_setup_py'
[0.792s] Level 1:colcon.colcon_core.package_identification:_identify(src/control/low_level_control) by extensions ['ignore', 'ignore_ament_install']
[0.792s] Level 1:colcon.colcon_core.package_identification:_identify(src/control/low_level_control) by extension 'ignore'
[0.792s] Level 1:colcon.colcon_core.package_identification:_identify(src/control/low_level_control) by extension 'ignore_ament_install'
[0.792s] Level 1:colcon.colcon_core.package_identification:_identify(src/control/low_level_control) by extensions ['colcon_pkg']
[0.792s] Level 1:colcon.colcon_core.package_identification:_identify(src/control/low_level_control) by extension 'colcon_pkg'
[0.793s] Level 1:colcon.colcon_core.package_identification:_identify(src/control/low_level_control) by extensions ['colcon_meta']
[0.793s] Level 1:colcon.colcon_core.package_identification:_identify(src/control/low_level_control) by extension 'colcon_meta'
[0.793s] Level 1:colcon.colcon_core.package_identification:_identify(src/control/low_level_control) by extensions ['ros']
[0.793s] Level 1:colcon.colcon_core.package_identification:_identify(src/control/low_level_control) by extension 'ros'
[0.794s] DEBUG:colcon.colcon_core.package_identification:Package 'src/control/low_level_control' with type 'ros.ament_cmake' and name 'low_level_control'
[0.794s] Level 1:colcon.colcon_core.package_identification:_identify(src/control/remote_control) by extensions ['ignore', 'ignore_ament_install']
[0.794s] Level 1:colcon.colcon_core.package_identification:_identify(src/control/remote_control) by extension 'ignore'
[0.794s] Level 1:colcon.colcon_core.package_identification:_identify(src/control/remote_control) by extension 'ignore_ament_install'
[0.794s] Level 1:colcon.colcon_core.package_identification:_identify(src/control/remote_control) by extensions ['colcon_pkg']
[0.795s] Level 1:colcon.colcon_core.package_identification:_identify(src/control/remote_control) by extension 'colcon_pkg'
[0.795s] Level 1:colcon.colcon_core.package_identification:_identify(src/control/remote_control) by extensions ['colcon_meta']
[0.795s] Level 1:colcon.colcon_core.package_identification:_identify(src/control/remote_control) by extension 'colcon_meta'
[0.795s] Level 1:colcon.colcon_core.package_identification:_identify(src/control/remote_control) by extensions ['ros']
[0.795s] Level 1:colcon.colcon_core.package_identification:_identify(src/control/remote_control) by extension 'ros'
[0.796s] DEBUG:colcon.colcon_core.package_identification:Package 'src/control/remote_control' with type 'ros.ament_python' and name 'remote_control'
[0.796s] Level 1:colcon.colcon_core.package_identification:_identify(src/localization) by extensions ['ignore', 'ignore_ament_install']
[0.797s] Level 1:colcon.colcon_core.package_identification:_identify(src/localization) by extension 'ignore'
[0.797s] Level 1:colcon.colcon_core.package_identification:_identify(src/localization) by extension 'ignore_ament_install'
[0.797s] Level 1:colcon.colcon_core.package_identification:_identify(src/localization) by extensions ['colcon_pkg']
[0.797s] Level 1:colcon.colcon_core.package_identification:_identify(src/localization) by extension 'colcon_pkg'
[0.797s] Level 1:colcon.colcon_core.package_identification:_identify(src/localization) by extensions ['colcon_meta']
[0.797s] Level 1:colcon.colcon_core.package_identification:_identify(src/localization) by extension 'colcon_meta'
[0.797s] Level 1:colcon.colcon_core.package_identification:_identify(src/localization) by extensions ['ros']
[0.797s] Level 1:colcon.colcon_core.package_identification:_identify(src/localization) by extension 'ros'
[0.797s] Level 1:colcon.colcon_core.package_identification:_identify(src/localization) by extensions ['cmake', 'python']
[0.798s] Level 1:colcon.colcon_core.package_identification:_identify(src/localization) by extension 'cmake'
[0.798s] Level 1:colcon.colcon_core.package_identification:_identify(src/localization) by extension 'python'
[0.798s] Level 1:colcon.colcon_core.package_identification:_identify(src/localization) by extensions ['python_setup_py']
[0.798s] Level 1:colcon.colcon_core.package_identification:_identify(src/localization) by extension 'python_setup_py'
[0.798s] Level 1:colcon.colcon_core.package_identification:_identify(src/localization/localization) by extensions ['ignore', 'ignore_ament_install']
[0.798s] Level 1:colcon.colcon_core.package_identification:_identify(src/localization/localization) by extension 'ignore'
[0.798s] Level 1:colcon.colcon_core.package_identification:_identify(src/localization/localization) by extension 'ignore_ament_install'
[0.798s] Level 1:colcon.colcon_core.package_identification:_identify(src/localization/localization) by extensions ['colcon_pkg']
[0.798s] Level 1:colcon.colcon_core.package_identification:_identify(src/localization/localization) by extension 'colcon_pkg'
[0.799s] Level 1:colcon.colcon_core.package_identification:_identify(src/localization/localization) by extensions ['colcon_meta']
[0.799s] Level 1:colcon.colcon_core.package_identification:_identify(src/localization/localization) by extension 'colcon_meta'
[0.799s] Level 1:colcon.colcon_core.package_identification:_identify(src/localization/localization) by extensions ['ros']
[0.799s] Level 1:colcon.colcon_core.package_identification:_identify(src/localization/localization) by extension 'ros'
[0.800s] DEBUG:colcon.colcon_core.package_identification:Package 'src/localization/localization' with type 'ros.ament_cmake' and name 'localization'
[0.800s] Level 1:colcon.colcon_core.package_identification:_identify(src/localization/rf2o_laser_odometry) by extensions ['ignore', 'ignore_ament_install']
[0.801s] Level 1:colcon.colcon_core.package_identification:_identify(src/localization/rf2o_laser_odometry) by extension 'ignore'
[0.801s] Level 1:colcon.colcon_core.package_identification:_identify(src/localization/rf2o_laser_odometry) by extension 'ignore_ament_install'
[0.801s] Level 1:colcon.colcon_core.package_identification:_identify(src/localization/rf2o_laser_odometry) by extensions ['colcon_pkg']
[0.801s] Level 1:colcon.colcon_core.package_identification:_identify(src/localization/rf2o_laser_odometry) by extension 'colcon_pkg'
[0.801s] Level 1:colcon.colcon_core.package_identification:_identify(src/localization/rf2o_laser_odometry) by extensions ['colcon_meta']
[0.801s] Level 1:colcon.colcon_core.package_identification:_identify(src/localization/rf2o_laser_odometry) by extension 'colcon_meta'
[0.801s] Level 1:colcon.colcon_core.package_identification:_identify(src/localization/rf2o_laser_odometry) by extensions ['ros']
[0.801s] Level 1:colcon.colcon_core.package_identification:_identify(src/localization/rf2o_laser_odometry) by extension 'ros'
[0.803s] DEBUG:colcon.colcon_core.package_identification:Package 'src/localization/rf2o_laser_odometry' with type 'ros.ament_cmake' and name 'rf2o_laser_odometry'
[0.804s] Level 1:colcon.colcon_core.package_identification:_identify(src/mapping) by extensions ['ignore', 'ignore_ament_install']
[0.804s] Level 1:colcon.colcon_core.package_identification:_identify(src/mapping) by extension 'ignore'
[0.804s] Level 1:colcon.colcon_core.package_identification:_identify(src/mapping) by extension 'ignore_ament_install'
[0.804s] Level 1:colcon.colcon_core.package_identification:_identify(src/mapping) by extensions ['colcon_pkg']
[0.804s] Level 1:colcon.colcon_core.package_identification:_identify(src/mapping) by extension 'colcon_pkg'
[0.804s] Level 1:colcon.colcon_core.package_identification:_identify(src/mapping) by extensions ['colcon_meta']
[0.804s] Level 1:colcon.colcon_core.package_identification:_identify(src/mapping) by extension 'colcon_meta'
[0.804s] Level 1:colcon.colcon_core.package_identification:_identify(src/mapping) by extensions ['ros']
[0.805s] Level 1:colcon.colcon_core.package_identification:_identify(src/mapping) by extension 'ros'
[0.805s] Level 1:colcon.colcon_core.package_identification:_identify(src/mapping) by extensions ['cmake', 'python']
[0.805s] Level 1:colcon.colcon_core.package_identification:_identify(src/mapping) by extension 'cmake'
[0.805s] Level 1:colcon.colcon_core.package_identification:_identify(src/mapping) by extension 'python'
[0.805s] Level 1:colcon.colcon_core.package_identification:_identify(src/mapping) by extensions ['python_setup_py']
[0.805s] Level 1:colcon.colcon_core.package_identification:_identify(src/mapping) by extension 'python_setup_py'
[0.805s] Level 1:colcon.colcon_core.package_identification:_identify(src/mission) by extensions ['ignore', 'ignore_ament_install']
[0.805s] Level 1:colcon.colcon_core.package_identification:_identify(src/mission) by extension 'ignore'
[0.805s] Level 1:colcon.colcon_core.package_identification:_identify(src/mission) by extension 'ignore_ament_install'
[0.806s] Level 1:colcon.colcon_core.package_identification:_identify(src/mission) by extensions ['colcon_pkg']
[0.806s] Level 1:colcon.colcon_core.package_identification:_identify(src/mission) by extension 'colcon_pkg'
[0.806s] Level 1:colcon.colcon_core.package_identification:_identify(src/mission) by extensions ['colcon_meta']
[0.806s] Level 1:colcon.colcon_core.package_identification:_identify(src/mission) by extension 'colcon_meta'
[0.806s] Level 1:colcon.colcon_core.package_identification:_identify(src/mission) by extensions ['ros']
[0.806s] Level 1:colcon.colcon_core.package_identification:_identify(src/mission) by extension 'ros'
[0.806s] Level 1:colcon.colcon_core.package_identification:_identify(src/mission) by extensions ['cmake', 'python']
[0.806s] Level 1:colcon.colcon_core.package_identification:_identify(src/mission) by extension 'cmake'
[0.806s] Level 1:colcon.colcon_core.package_identification:_identify(src/mission) by extension 'python'
[0.806s] Level 1:colcon.colcon_core.package_identification:_identify(src/mission) by extensions ['python_setup_py']
[0.806s] Level 1:colcon.colcon_core.package_identification:_identify(src/mission) by extension 'python_setup_py'
[0.807s] Level 1:colcon.colcon_core.package_identification:_identify(src/navigation) by extensions ['ignore', 'ignore_ament_install']
[0.807s] Level 1:colcon.colcon_core.package_identification:_identify(src/navigation) by extension 'ignore'
[0.807s] Level 1:colcon.colcon_core.package_identification:_identify(src/navigation) by extension 'ignore_ament_install'
[0.807s] Level 1:colcon.colcon_core.package_identification:_identify(src/navigation) by extensions ['colcon_pkg']
[0.807s] Level 1:colcon.colcon_core.package_identification:_identify(src/navigation) by extension 'colcon_pkg'
[0.807s] Level 1:colcon.colcon_core.package_identification:_identify(src/navigation) by extensions ['colcon_meta']
[0.807s] Level 1:colcon.colcon_core.package_identification:_identify(src/navigation) by extension 'colcon_meta'
[0.807s] Level 1:colcon.colcon_core.package_identification:_identify(src/navigation) by extensions ['ros']
[0.807s] Level 1:colcon.colcon_core.package_identification:_identify(src/navigation) by extension 'ros'
[0.808s] Level 1:colcon.colcon_core.package_identification:_identify(src/navigation) by extensions ['cmake', 'python']
[0.808s] Level 1:colcon.colcon_core.package_identification:_identify(src/navigation) by extension 'cmake'
[0.808s] Level 1:colcon.colcon_core.package_identification:_identify(src/navigation) by extension 'python'
[0.808s] Level 1:colcon.colcon_core.package_identification:_identify(src/navigation) by extensions ['python_setup_py']
[0.808s] Level 1:colcon.colcon_core.package_identification:_identify(src/navigation) by extension 'python_setup_py'
[0.808s] Level 1:colcon.colcon_core.package_identification:_identify(src/navigation/navigation) by extensions ['ignore', 'ignore_ament_install']
[0.808s] Level 1:colcon.colcon_core.package_identification:_identify(src/navigation/navigation) by extension 'ignore'
[0.808s] Level 1:colcon.colcon_core.package_identification:_identify(src/navigation/navigation) by extension 'ignore_ament_install'
[0.808s] Level 1:colcon.colcon_core.package_identification:_identify(src/navigation/navigation) by extensions ['colcon_pkg']
[0.809s] Level 1:colcon.colcon_core.package_identification:_identify(src/navigation/navigation) by extension 'colcon_pkg'
[0.809s] Level 1:colcon.colcon_core.package_identification:_identify(src/navigation/navigation) by extensions ['colcon_meta']
[0.809s] Level 1:colcon.colcon_core.package_identification:_identify(src/navigation/navigation) by extension 'colcon_meta'
[0.809s] Level 1:colcon.colcon_core.package_identification:_identify(src/navigation/navigation) by extensions ['ros']
[0.809s] Level 1:colcon.colcon_core.package_identification:_identify(src/navigation/navigation) by extension 'ros'
[0.810s] DEBUG:colcon.colcon_core.package_identification:Package 'src/navigation/navigation' with type 'ros.ament_cmake' and name 'navigation'
[0.810s] Level 1:colcon.colcon_core.package_identification:_identify(src/planning) by extensions ['ignore', 'ignore_ament_install']
[0.810s] Level 1:colcon.colcon_core.package_identification:_identify(src/planning) by extension 'ignore'
[0.810s] Level 1:colcon.colcon_core.package_identification:_identify(src/planning) by extension 'ignore_ament_install'
[0.810s] Level 1:colcon.colcon_core.package_identification:_identify(src/planning) by extensions ['colcon_pkg']
[0.810s] Level 1:colcon.colcon_core.package_identification:_identify(src/planning) by extension 'colcon_pkg'
[0.811s] Level 1:colcon.colcon_core.package_identification:_identify(src/planning) by extensions ['colcon_meta']
[0.811s] Level 1:colcon.colcon_core.package_identification:_identify(src/planning) by extension 'colcon_meta'
[0.811s] Level 1:colcon.colcon_core.package_identification:_identify(src/planning) by extensions ['ros']
[0.811s] Level 1:colcon.colcon_core.package_identification:_identify(src/planning) by extension 'ros'
[0.811s] Level 1:colcon.colcon_core.package_identification:_identify(src/planning) by extensions ['cmake', 'python']
[0.811s] Level 1:colcon.colcon_core.package_identification:_identify(src/planning) by extension 'cmake'
[0.811s] Level 1:colcon.colcon_core.package_identification:_identify(src/planning) by extension 'python'
[0.811s] Level 1:colcon.colcon_core.package_identification:_identify(src/planning) by extensions ['python_setup_py']
[0.811s] Level 1:colcon.colcon_core.package_identification:_identify(src/planning) by extension 'python_setup_py'
[0.812s] Level 1:colcon.colcon_core.package_identification:_identify(src/robot_description) by extensions ['ignore', 'ignore_ament_install']
[0.812s] Level 1:colcon.colcon_core.package_identification:_identify(src/robot_description) by extension 'ignore'
[0.812s] Level 1:colcon.colcon_core.package_identification:_identify(src/robot_description) by extension 'ignore_ament_install'
[0.812s] Level 1:colcon.colcon_core.package_identification:_identify(src/robot_description) by extensions ['colcon_pkg']
[0.812s] Level 1:colcon.colcon_core.package_identification:_identify(src/robot_description) by extension 'colcon_pkg'
[0.812s] Level 1:colcon.colcon_core.package_identification:_identify(src/robot_description) by extensions ['colcon_meta']
[0.812s] Level 1:colcon.colcon_core.package_identification:_identify(src/robot_description) by extension 'colcon_meta'
[0.812s] Level 1:colcon.colcon_core.package_identification:_identify(src/robot_description) by extensions ['ros']
[0.812s] Level 1:colcon.colcon_core.package_identification:_identify(src/robot_description) by extension 'ros'
[0.812s] Level 1:colcon.colcon_core.package_identification:_identify(src/robot_description) by extensions ['cmake', 'python']
[0.813s] Level 1:colcon.colcon_core.package_identification:_identify(src/robot_description) by extension 'cmake'
[0.813s] Level 1:colcon.colcon_core.package_identification:_identify(src/robot_description) by extension 'python'
[0.813s] Level 1:colcon.colcon_core.package_identification:_identify(src/robot_description) by extensions ['python_setup_py']
[0.813s] Level 1:colcon.colcon_core.package_identification:_identify(src/robot_description) by extension 'python_setup_py'
[0.813s] Level 1:colcon.colcon_core.package_identification:_identify(src/robot_description/snot_robot_description) by extensions ['ignore', 'ignore_ament_install']
[0.813s] Level 1:colcon.colcon_core.package_identification:_identify(src/robot_description/snot_robot_description) by extension 'ignore'
[0.813s] Level 1:colcon.colcon_core.package_identification:_identify(src/robot_description/snot_robot_description) by extension 'ignore_ament_install'
[0.813s] Level 1:colcon.colcon_core.package_identification:_identify(src/robot_description/snot_robot_description) by extensions ['colcon_pkg']
[0.813s] Level 1:colcon.colcon_core.package_identification:_identify(src/robot_description/snot_robot_description) by extension 'colcon_pkg'
[0.813s] Level 1:colcon.colcon_core.package_identification:_identify(src/robot_description/snot_robot_description) by extensions ['colcon_meta']
[0.814s] Level 1:colcon.colcon_core.package_identification:_identify(src/robot_description/snot_robot_description) by extension 'colcon_meta'
[0.814s] Level 1:colcon.colcon_core.package_identification:_identify(src/robot_description/snot_robot_description) by extensions ['ros']
[0.814s] Level 1:colcon.colcon_core.package_identification:_identify(src/robot_description/snot_robot_description) by extension 'ros'
[0.815s] DEBUG:colcon.colcon_core.package_identification:Package 'src/robot_description/snot_robot_description' with type 'ros.ament_cmake' and name 'snot_robot_description'
[0.816s] Level 1:colcon.colcon_core.package_identification:_identify(src/sensors) by extensions ['ignore', 'ignore_ament_install']
[0.816s] Level 1:colcon.colcon_core.package_identification:_identify(src/sensors) by extension 'ignore'
[0.816s] Level 1:colcon.colcon_core.package_identification:_identify(src/sensors) by extension 'ignore_ament_install'
[0.816s] Level 1:colcon.colcon_core.package_identification:_identify(src/sensors) by extensions ['colcon_pkg']
[0.816s] Level 1:colcon.colcon_core.package_identification:_identify(src/sensors) by extension 'colcon_pkg'
[0.816s] Level 1:colcon.colcon_core.package_identification:_identify(src/sensors) by extensions ['colcon_meta']
[0.816s] Level 1:colcon.colcon_core.package_identification:_identify(src/sensors) by extension 'colcon_meta'
[0.816s] Level 1:colcon.colcon_core.package_identification:_identify(src/sensors) by extensions ['ros']
[0.816s] Level 1:colcon.colcon_core.package_identification:_identify(src/sensors) by extension 'ros'
[0.817s] Level 1:colcon.colcon_core.package_identification:_identify(src/sensors) by extensions ['cmake', 'python']
[0.817s] Level 1:colcon.colcon_core.package_identification:_identify(src/sensors) by extension 'cmake'
[0.817s] Level 1:colcon.colcon_core.package_identification:_identify(src/sensors) by extension 'python'
[0.817s] Level 1:colcon.colcon_core.package_identification:_identify(src/sensors) by extensions ['python_setup_py']
[0.817s] Level 1:colcon.colcon_core.package_identification:_identify(src/sensors) by extension 'python_setup_py'
[0.817s] Level 1:colcon.colcon_core.package_identification:_identify(src/sensors/ros-imu-bno055) by extensions ['ignore', 'ignore_ament_install']
[0.817s] Level 1:colcon.colcon_core.package_identification:_identify(src/sensors/ros-imu-bno055) by extension 'ignore'
[0.817s] Level 1:colcon.colcon_core.package_identification:_identify(src/sensors/ros-imu-bno055) by extension 'ignore_ament_install'
[0.818s] Level 1:colcon.colcon_core.package_identification:_identify(src/sensors/ros-imu-bno055) by extensions ['colcon_pkg']
[0.818s] Level 1:colcon.colcon_core.package_identification:_identify(src/sensors/ros-imu-bno055) by extension 'colcon_pkg'
[0.818s] Level 1:colcon.colcon_core.package_identification:_identify(src/sensors/ros-imu-bno055) by extensions ['colcon_meta']
[0.818s] Level 1:colcon.colcon_core.package_identification:_identify(src/sensors/ros-imu-bno055) by extension 'colcon_meta'
[0.818s] Level 1:colcon.colcon_core.package_identification:_identify(src/sensors/ros-imu-bno055) by extensions ['ros']
[0.818s] Level 1:colcon.colcon_core.package_identification:_identify(src/sensors/ros-imu-bno055) by extension 'ros'
[0.820s] DEBUG:colcon.colcon_core.package_identification:Package 'src/sensors/ros-imu-bno055' with type 'ros.ament_cmake' and name 'imu_bno055'
[0.821s] Level 1:colcon.colcon_core.package_identification:_identify(src/sensors/rplidar_ros) by extensions ['ignore', 'ignore_ament_install']
[0.821s] Level 1:colcon.colcon_core.package_identification:_identify(src/sensors/rplidar_ros) by extension 'ignore'
[0.821s] Level 1:colcon.colcon_core.package_identification:_identify(src/sensors/rplidar_ros) by extension 'ignore_ament_install'
[0.821s] Level 1:colcon.colcon_core.package_identification:_identify(src/sensors/rplidar_ros) by extensions ['colcon_pkg']
[0.821s] Level 1:colcon.colcon_core.package_identification:_identify(src/sensors/rplidar_ros) by extension 'colcon_pkg'
[0.821s] Level 1:colcon.colcon_core.package_identification:_identify(src/sensors/rplidar_ros) by extensions ['colcon_meta']
[0.821s] Level 1:colcon.colcon_core.package_identification:_identify(src/sensors/rplidar_ros) by extension 'colcon_meta'
[0.821s] Level 1:colcon.colcon_core.package_identification:_identify(src/sensors/rplidar_ros) by extensions ['ros']
[0.822s] Level 1:colcon.colcon_core.package_identification:_identify(src/sensors/rplidar_ros) by extension 'ros'
[0.823s] DEBUG:colcon.colcon_core.package_identification:Package 'src/sensors/rplidar_ros' with type 'ros.ament_cmake' and name 'rplidar_ros'
[0.823s] Level 1:colcon.colcon_core.package_identification:_identify(src/simulation) by extensions ['ignore', 'ignore_ament_install']
[0.823s] Level 1:colcon.colcon_core.package_identification:_identify(src/simulation) by extension 'ignore'
[0.823s] Level 1:colcon.colcon_core.package_identification:_identify(src/simulation) by extension 'ignore_ament_install'
[0.823s] Level 1:colcon.colcon_core.package_identification:_identify(src/simulation) by extensions ['colcon_pkg']
[0.823s] Level 1:colcon.colcon_core.package_identification:_identify(src/simulation) by extension 'colcon_pkg'
[0.824s] Level 1:colcon.colcon_core.package_identification:_identify(src/simulation) by extensions ['colcon_meta']
[0.824s] Level 1:colcon.colcon_core.package_identification:_identify(src/simulation) by extension 'colcon_meta'
[0.824s] Level 1:colcon.colcon_core.package_identification:_identify(src/simulation) by extensions ['ros']
[0.824s] Level 1:colcon.colcon_core.package_identification:_identify(src/simulation) by extension 'ros'
[0.824s] Level 1:colcon.colcon_core.package_identification:_identify(src/simulation) by extensions ['cmake', 'python']
[0.824s] Level 1:colcon.colcon_core.package_identification:_identify(src/simulation) by extension 'cmake'
[0.824s] Level 1:colcon.colcon_core.package_identification:_identify(src/simulation) by extension 'python'
[0.824s] Level 1:colcon.colcon_core.package_identification:_identify(src/simulation) by extensions ['python_setup_py']
[0.824s] Level 1:colcon.colcon_core.package_identification:_identify(src/simulation) by extension 'python_setup_py'
[0.824s] Level 1:colcon.colcon_core.package_identification:_identify(src/slam) by extensions ['ignore', 'ignore_ament_install']
[0.825s] Level 1:colcon.colcon_core.package_identification:_identify(src/slam) by extension 'ignore'
[0.825s] Level 1:colcon.colcon_core.package_identification:_identify(src/slam) by extension 'ignore_ament_install'
[0.825s] Level 1:colcon.colcon_core.package_identification:_identify(src/slam) by extensions ['colcon_pkg']
[0.825s] Level 1:colcon.colcon_core.package_identification:_identify(src/slam) by extension 'colcon_pkg'
[0.825s] Level 1:colcon.colcon_core.package_identification:_identify(src/slam) by extensions ['colcon_meta']
[0.825s] Level 1:colcon.colcon_core.package_identification:_identify(src/slam) by extension 'colcon_meta'
[0.825s] Level 1:colcon.colcon_core.package_identification:_identify(src/slam) by extensions ['ros']
[0.825s] Level 1:colcon.colcon_core.package_identification:_identify(src/slam) by extension 'ros'
[0.825s] Level 1:colcon.colcon_core.package_identification:_identify(src/slam) by extensions ['cmake', 'python']
[0.825s] Level 1:colcon.colcon_core.package_identification:_identify(src/slam) by extension 'cmake'
[0.826s] Level 1:colcon.colcon_core.package_identification:_identify(src/slam) by extension 'python'
[0.826s] Level 1:colcon.colcon_core.package_identification:_identify(src/slam) by extensions ['python_setup_py']
[0.826s] Level 1:colcon.colcon_core.package_identification:_identify(src/slam) by extension 'python_setup_py'
[0.826s] Level 1:colcon.colcon_core.package_identification:_identify(src/slam/slam) by extensions ['ignore', 'ignore_ament_install']
[0.826s] Level 1:colcon.colcon_core.package_identification:_identify(src/slam/slam) by extension 'ignore'
[0.826s] Level 1:colcon.colcon_core.package_identification:_identify(src/slam/slam) by extension 'ignore_ament_install'
[0.826s] Level 1:colcon.colcon_core.package_identification:_identify(src/slam/slam) by extensions ['colcon_pkg']
[0.826s] Level 1:colcon.colcon_core.package_identification:_identify(src/slam/slam) by extension 'colcon_pkg'
[0.826s] Level 1:colcon.colcon_core.package_identification:_identify(src/slam/slam) by extensions ['colcon_meta']
[0.826s] Level 1:colcon.colcon_core.package_identification:_identify(src/slam/slam) by extension 'colcon_meta'
[0.827s] Level 1:colcon.colcon_core.package_identification:_identify(src/slam/slam) by extensions ['ros']
[0.827s] Level 1:colcon.colcon_core.package_identification:_identify(src/slam/slam) by extension 'ros'
[0.828s] DEBUG:colcon.colcon_core.package_identification:Package 'src/slam/slam' with type 'ros.ament_cmake' and name 'slam'
[0.828s] Level 1:colcon.colcon_core.package_identification:_identify(src/vision) by extensions ['ignore', 'ignore_ament_install']
[0.828s] Level 1:colcon.colcon_core.package_identification:_identify(src/vision) by extension 'ignore'
[0.828s] Level 1:colcon.colcon_core.package_identification:_identify(src/vision) by extension 'ignore_ament_install'
[0.828s] Level 1:colcon.colcon_core.package_identification:_identify(src/vision) by extensions ['colcon_pkg']
[0.828s] Level 1:colcon.colcon_core.package_identification:_identify(src/vision) by extension 'colcon_pkg'
[0.828s] Level 1:colcon.colcon_core.package_identification:_identify(src/vision) by extensions ['colcon_meta']
[0.828s] Level 1:colcon.colcon_core.package_identification:_identify(src/vision) by extension 'colcon_meta'
[0.829s] Level 1:colcon.colcon_core.package_identification:_identify(src/vision) by extensions ['ros']
[0.829s] Level 1:colcon.colcon_core.package_identification:_identify(src/vision) by extension 'ros'
[0.829s] Level 1:colcon.colcon_core.package_identification:_identify(src/vision) by extensions ['cmake', 'python']
[0.829s] Level 1:colcon.colcon_core.package_identification:_identify(src/vision) by extension 'cmake'
[0.829s] Level 1:colcon.colcon_core.package_identification:_identify(src/vision) by extension 'python'
[0.829s] Level 1:colcon.colcon_core.package_identification:_identify(src/vision) by extensions ['python_setup_py']
[0.829s] Level 1:colcon.colcon_core.package_identification:_identify(src/vision) by extension 'python_setup_py'
[0.829s] Level 1:colcon.colcon_core.package_identification:_identify(vision) by extensions ['ignore', 'ignore_ament_install']
[0.829s] Level 1:colcon.colcon_core.package_identification:_identify(vision) by extension 'ignore'
[0.830s] Level 1:colcon.colcon_core.package_identification:_identify(vision) by extension 'ignore_ament_install'
[0.830s] Level 1:colcon.colcon_core.package_identification:_identify(vision) by extensions ['colcon_pkg']
[0.830s] Level 1:colcon.colcon_core.package_identification:_identify(vision) by extension 'colcon_pkg'
[0.830s] Level 1:colcon.colcon_core.package_identification:_identify(vision) by extensions ['colcon_meta']
[0.830s] Level 1:colcon.colcon_core.package_identification:_identify(vision) by extension 'colcon_meta'
[0.830s] Level 1:colcon.colcon_core.package_identification:_identify(vision) by extensions ['ros']
[0.830s] Level 1:colcon.colcon_core.package_identification:_identify(vision) by extension 'ros'
[0.830s] Level 1:colcon.colcon_core.package_identification:_identify(vision) by extensions ['cmake', 'python']
[0.830s] Level 1:colcon.colcon_core.package_identification:_identify(vision) by extension 'cmake'
[0.830s] Level 1:colcon.colcon_core.package_identification:_identify(vision) by extension 'python'
[0.830s] Level 1:colcon.colcon_core.package_identification:_identify(vision) by extensions ['python_setup_py']
[0.831s] Level 1:colcon.colcon_core.package_identification:_identify(vision) by extension 'python_setup_py'
[0.831s] Level 1:colcon.colcon_core.package_discovery:discover_packages(recursive) using defaults
[0.831s] Level 1:colcon.colcon_core.package_discovery:discover_packages(ignore) discover
[0.831s] Level 1:colcon.colcon_core.package_discovery:discover_packages(ignore) using defaults
[0.831s] Level 1:colcon.colcon_core.package_discovery:discover_packages(path) discover
[0.831s] Level 1:colcon.colcon_core.package_discovery:discover_packages(path) using defaults
[0.877s] Level 1:colcon.colcon_core.package_discovery:discover_packages(prefix_path) check parameters
[0.877s] Level 1:colcon.colcon_core.package_discovery:discover_packages(prefix_path) discover
[0.879s] WARNING:colcon.colcon_ros.prefix_path.ament:The path '/home/ofek/grocery_picking_ws/install' in the environment variable AMENT_PREFIX_PATH doesn't contain any 'local_setup.*' files.
[0.879s] WARNING:colcon.colcon_ros.prefix_path.ament:The path '/home/ofek/grocery_picking_ws/install/vision' in the environment variable AMENT_PREFIX_PATH doesn't exist
[0.879s] WARNING:colcon.colcon_ros.prefix_path.ament:The path '/home/ofek/grocery_picking_ws/install/snot_robot_description' in the environment variable AMENT_PREFIX_PATH doesn't exist
[0.879s] WARNING:colcon.colcon_ros.prefix_path.ament:The path '/home/ofek/grocery_picking_ws/install/slam' in the environment variable AMENT_PREFIX_PATH doesn't exist
[0.879s] WARNING:colcon.colcon_ros.prefix_path.ament:The path '/home/ofek/grocery_picking_ws/install/sensing' in the environment variable AMENT_PREFIX_PATH doesn't exist
[0.880s] WARNING:colcon.colcon_ros.prefix_path.ament:The path '/home/ofek/grocery_picking_ws/install/rplidar_ros' in the environment variable AMENT_PREFIX_PATH doesn't exist
[0.880s] WARNING:colcon.colcon_ros.prefix_path.ament:The path '/home/ofek/grocery_picking_ws/install/rf2o_laser_odometry' in the environment variable AMENT_PREFIX_PATH doesn't exist
[0.880s] WARNING:colcon.colcon_ros.prefix_path.ament:The path '/home/ofek/grocery_picking_ws/install/remote_control' in the environment variable AMENT_PREFIX_PATH doesn't exist
[0.880s] WARNING:colcon.colcon_ros.prefix_path.ament:The path '/home/ofek/grocery_picking_ws/install/planning' in the environment variable AMENT_PREFIX_PATH doesn't exist
[0.880s] WARNING:colcon.colcon_ros.prefix_path.ament:The path '/home/ofek/grocery_picking_ws/install/navigation' in the environment variable AMENT_PREFIX_PATH doesn't exist
[0.880s] WARNING:colcon.colcon_ros.prefix_path.ament:The path '/home/ofek/grocery_picking_ws/install/mission' in the environment variable AMENT_PREFIX_PATH doesn't exist
[0.880s] WARNING:colcon.colcon_ros.prefix_path.ament:The path '/home/ofek/grocery_picking_ws/install/mapping' in the environment variable AMENT_PREFIX_PATH doesn't exist
[0.880s] WARNING:colcon.colcon_ros.prefix_path.ament:The path '/home/ofek/grocery_picking_ws/install/manipulation' in the environment variable AMENT_PREFIX_PATH doesn't exist
[0.880s] WARNING:colcon.colcon_ros.prefix_path.ament:The path '/home/ofek/grocery_picking_ws/install/localization' in the environment variable AMENT_PREFIX_PATH doesn't exist
[0.880s] WARNING:colcon.colcon_ros.prefix_path.ament:The path '/home/ofek/grocery_picking_ws/install/imu_bno055' in the environment variable AMENT_PREFIX_PATH doesn't exist
[0.881s] WARNING:colcon.colcon_ros.prefix_path.ament:The path '/home/ofek/grocery_picking_ws/install/control' in the environment variable AMENT_PREFIX_PATH doesn't exist
[0.881s] WARNING:colcon.colcon_ros.prefix_path.ament:The path '/home/ofek/grocery_picking_ws/install/base' in the environment variable AMENT_PREFIX_PATH doesn't exist
[0.881s] WARNING:colcon.colcon_ros.prefix_path.catkin:The path '/home/ofek/grocery_picking_ws/install/vision' in the environment variable CMAKE_PREFIX_PATH doesn't exist
[0.881s] WARNING:colcon.colcon_ros.prefix_path.catkin:The path '/home/ofek/grocery_picking_ws/install/snot_robot_description' in the environment variable CMAKE_PREFIX_PATH doesn't exist
[0.881s] WARNING:colcon.colcon_ros.prefix_path.catkin:The path '/home/ofek/grocery_picking_ws/install/slam' in the environment variable CMAKE_PREFIX_PATH doesn't exist
[0.881s] WARNING:colcon.colcon_ros.prefix_path.catkin:The path '/home/ofek/grocery_picking_ws/install/sensing' in the environment variable CMAKE_PREFIX_PATH doesn't exist
[0.881s] WARNING:colcon.colcon_ros.prefix_path.catkin:The path '/home/ofek/grocery_picking_ws/install/rplidar_ros' in the environment variable CMAKE_PREFIX_PATH doesn't exist
[0.881s] WARNING:colcon.colcon_ros.prefix_path.catkin:The path '/home/ofek/grocery_picking_ws/install/rf2o_laser_odometry' in the environment variable CMAKE_PREFIX_PATH doesn't exist
[0.882s] WARNING:colcon.colcon_ros.prefix_path.catkin:The path '/home/ofek/grocery_picking_ws/install/planning' in the environment variable CMAKE_PREFIX_PATH doesn't exist
[0.882s] WARNING:colcon.colcon_ros.prefix_path.catkin:The path '/home/ofek/grocery_picking_ws/install/navigation' in the environment variable CMAKE_PREFIX_PATH doesn't exist
[0.882s] WARNING:colcon.colcon_ros.prefix_path.catkin:The path '/home/ofek/grocery_picking_ws/install/mission' in the environment variable CMAKE_PREFIX_PATH doesn't exist
[0.882s] WARNING:colcon.colcon_ros.prefix_path.catkin:The path '/home/ofek/grocery_picking_ws/install/mapping' in the environment variable CMAKE_PREFIX_PATH doesn't exist
[0.882s] WARNING:colcon.colcon_ros.prefix_path.catkin:The path '/home/ofek/grocery_picking_ws/install/manipulation' in the environment variable CMAKE_PREFIX_PATH doesn't exist
[0.882s] WARNING:colcon.colcon_ros.prefix_path.catkin:The path '/home/ofek/grocery_picking_ws/install/localization' in the environment variable CMAKE_PREFIX_PATH doesn't exist
[0.882s] WARNING:colcon.colcon_ros.prefix_path.catkin:The path '/home/ofek/grocery_picking_ws/install/imu_bno055' in the environment variable CMAKE_PREFIX_PATH doesn't exist
[0.882s] WARNING:colcon.colcon_ros.prefix_path.catkin:The path '/home/ofek/grocery_picking_ws/install/control' in the environment variable CMAKE_PREFIX_PATH doesn't exist
[0.883s] WARNING:colcon.colcon_ros.prefix_path.catkin:The path '/home/ofek/grocery_picking_ws/install/base' in the environment variable CMAKE_PREFIX_PATH doesn't exist
[0.884s] DEBUG:colcon.colcon_installed_package_information.package_discovery:Found 0 installed packages in /home/ofek/grocery_picking_ws/install
[0.887s] DEBUG:colcon.colcon_installed_package_information.package_discovery:Found 378 installed packages in /opt/ros/foxy
[0.919s] Level 1:colcon.colcon_core.package_discovery:discover_packages(prefix_path) using defaults
[1.070s] ERROR:colcon:colcon build: Duplicate package names not supported:
- imu_bno055:
  - sensors/ros-imu-bno055
  - src/sensors/ros-imu-bno055
- localization:
  - localization/localization
  - src/localization/localization
- low_level_control:
  - control/low_level_control
  - src/control/low_level_control
- navigation:
  - navigation/navigation
  - src/navigation/navigation
- remote_control:
  - control/remote_control
  - src/control/remote_control
- rf2o_laser_odometry:
  - localization/rf2o_laser_odometry
  - src/localization/rf2o_laser_odometry
- rplidar_ros:
  - sensors/rplidar_ros
  - src/sensors/rplidar_ros
- slam:
  - slam/slam
  - src/slam/slam
- snot_robot_description:
  - robot_description/snot_robot_description
  - src/robot_description/snot_robot_description
