[0.082s] Invoking command in '/home/ofek/grocery_picking_ws/build/low_level_control': CMAKE_PREFIX_PATH=${CMAKE_PREFIX_PATH}:/opt/ros/foxy:/home/ofek/grocery_picking_ws/install/remote_control /usr/bin/cmake /home/ofek/grocery_picking_ws/src/control/low_level_control -DCMAKE_INSTALL_PREFIX=/home/ofek/grocery_picking_ws/install/low_level_control
[0.664s] -- The C compiler identification is GNU 9.4.0
[0.664s] -- The CXX compiler identification is GNU 9.4.0
[0.664s] -- Check for working C compiler: /usr/bin/cc
[0.664s] -- Check for working C compiler: /usr/bin/cc -- works
[0.664s] -- Detecting C compiler ABI info
[0.664s] -- Detecting C compiler ABI info - done
[0.665s] -- Detecting C compile features
[0.665s] -- Detecting C compile features - done
[0.665s] -- Check for working CXX compiler: /usr/bin/c++
[0.812s] -- Check for working CXX compiler: /usr/bin/c++ -- works
[0.815s] -- Detecting CXX compiler ABI info
[0.989s] -- Detecting CXX compiler ABI info - done
[1.029s] -- Detecting CXX compile features
[1.030s] -- Detecting CXX compile features - done
[1.035s] -- Found ament_cmake: 0.9.12 (/opt/ros/foxy/share/ament_cmake/cmake)
[1.093s] -- Found PythonInterp: /usr/bin/python3 (found suitable version "3.8.10", minimum required is "3") 
[1.094s] -- Using PYTHON_EXECUTABLE: /usr/bin/python3
[1.582s] -- Found rclcpp: 2.4.3 (/opt/ros/foxy/share/rclcpp/cmake)
[1.684s] -- Using all available rosidl_typesupport_c: rosidl_typesupport_fastrtps_c;rosidl_typesupport_introspection_c
[1.699s] -- Found rosidl_adapter: 1.3.1 (/opt/ros/foxy/share/rosidl_adapter/cmake)
[1.974s] -- Found OpenSSL: /usr/lib/aarch64-linux-gnu/libcrypto.so (found version "1.1.1f")  
[2.039s] -- Found FastRTPS: /opt/ros/foxy/include  
[2.206s] -- Using all available rosidl_typesupport_cpp: rosidl_typesupport_fastrtps_cpp;rosidl_typesupport_introspection_cpp
[2.316s] -- Found rmw_implementation_cmake: 1.0.4 (/opt/ros/foxy/share/rmw_implementation_cmake/cmake)
[2.320s] -- Using RMW implementation 'rmw_fastrtps_cpp' as default
[2.321s] -- Looking for pthread.h
[2.484s] -- Looking for pthread.h - found
[2.484s] -- Performing Test CMAKE_HAVE_LIBC_PTHREAD
[2.639s] -- Performing Test CMAKE_HAVE_LIBC_PTHREAD - Failed
[2.639s] -- Looking for pthread_create in pthreads
[2.761s] -- Looking for pthread_create in pthreads - not found
[2.762s] -- Looking for pthread_create in pthread
[2.920s] -- Looking for pthread_create in pthread - found
[2.922s] -- Found Threads: TRUE  
[3.220s] -- Found sensor_msgs: 2.0.5 (/opt/ros/foxy/share/sensor_msgs/cmake)
[3.437s] -- Found nav_msgs: 2.0.5 (/opt/ros/foxy/share/nav_msgs/cmake)
[3.572s] -- Found tf2: 0.13.14 (/opt/ros/foxy/share/tf2/cmake)
[3.596s] -- Found tf2_ros: 0.13.14 (/opt/ros/foxy/share/tf2_ros/cmake)
[4.594s] -- Found tf2_geometry_msgs: 0.13.14 (/opt/ros/foxy/share/tf2_geometry_msgs/cmake)
[4.625s] -- Found eigen3_cmake_module: 0.1.1 (/opt/ros/foxy/share/eigen3_cmake_module/cmake)
[4.646s] -- Found Eigen3: TRUE (found version "3.3.7") 
[4.776s] -- Found Boost: /usr/lib/aarch64-linux-gnu/cmake/Boost-1.71.0/BoostConfig.cmake (found version "1.71.0") found components: thread chrono system 
[4.806s] -- Found ament_lint_auto: 0.9.8 (/opt/ros/foxy/share/ament_lint_auto/cmake)
[5.026s] -- Added test 'copyright' to check source files copyright and LICENSE
[5.031s] -- Added test 'cppcheck' to perform static code analysis on C / C++ code
[5.033s] -- Configured cppcheck include dirs: /home/ofek/grocery_picking_ws/src/control/low_level_control/include
[5.034s] -- Configured cppcheck exclude dirs and/or files: 
[5.037s] -- Added test 'cpplint' to check C / C++ code against the Google style
[5.037s] -- Configured cpplint exclude dirs and/or files: 
[5.041s] -- Added test 'lint_cmake' to check CMake code style
[5.044s] -- Added test 'uncrustify' to check C / C++ code style
[5.045s] -- Configured uncrustify additional arguments: 
[5.045s] -- Added test 'xmllint' to check XML markup files
[5.055s] -- Configuring done
[5.085s] -- Generating done
[5.089s] -- Build files have been written to: /home/ofek/grocery_picking_ws/build/low_level_control
[5.143s] Invoked command in '/home/ofek/grocery_picking_ws/build/low_level_control' returned '0': CMAKE_PREFIX_PATH=${CMAKE_PREFIX_PATH}:/opt/ros/foxy:/home/ofek/grocery_picking_ws/install/remote_control /usr/bin/cmake /home/ofek/grocery_picking_ws/src/control/low_level_control -DCMAKE_INSTALL_PREFIX=/home/ofek/grocery_picking_ws/install/low_level_control
[5.155s] Invoking command in '/home/ofek/grocery_picking_ws/build/low_level_control': CMAKE_PREFIX_PATH=${CMAKE_PREFIX_PATH}:/opt/ros/foxy:/home/ofek/grocery_picking_ws/install/remote_control /usr/bin/cmake --build /home/ofek/grocery_picking_ws/build/low_level_control -- -j6 -l6
[5.314s] [35m[1mScanning dependencies of target low_level_bridge[0m
[5.418s] [ 50%] [32mBuilding CXX object CMakeFiles/low_level_bridge.dir/src/low_level_bridge.cpp.o[0m
[17.764s] In file included from [01m[K/home/ofek/grocery_picking_ws/src/control/low_level_control/src/low_level_bridge.cpp:1[m[K:
[17.764s] [01m[K/home/ofek/grocery_picking_ws/src/control/low_level_control/include/low_level_control/low_level_bridge.hpp:[m[K In constructor ‘[01m[KOdometryProcessor::OdometryProcessor()[m[K’:
[17.764s] [01m[K/home/ofek/grocery_picking_ws/src/control/low_level_control/include/low_level_control/low_level_bridge.hpp:83:9:[m[K [01;35m[Kwarning: [m[K‘[01m[KOdometryProcessor::baud_rate_[m[K’ will be initialized after [[01;35m[K-Wreorder[m[K]
[17.764s]    83 |     int [01;35m[Kbaud_rate_[m[K;
[17.765s]       |         [01;35m[K^~~~~~~~~~[m[K
[17.774s] [01m[K/home/ofek/grocery_picking_ws/src/control/low_level_control/include/low_level_control/low_level_bridge.hpp:76:30:[m[K [01;35m[Kwarning: [m[K  ‘[01m[Knav_msgs::msg::Odometry* OdometryProcessor::latest_odom_[m[K’ [[01;35m[K-Wreorder[m[K]
[17.775s]    76 |     nav_msgs::msg::Odometry* [01;35m[Klatest_odom_[m[K;  // Use a pointer to store the latest odometry message
[17.775s]       |                              [01;35m[K^~~~~~~~~~~~[m[K
[17.775s] [01m[K/home/ofek/grocery_picking_ws/src/control/low_level_control/src/low_level_bridge.cpp:26:1:[m[K [01;35m[Kwarning: [m[K  when initialized here [[01;35m[K-Wreorder[m[K]
[17.775s]    26 | [01;35m[KOdometryProcessor[m[K::OdometryProcessor()
[17.776s]       | [01;35m[K^~~~~~~~~~~~~~~~~[m[K
[17.776s] In file included from [01m[K/home/ofek/grocery_picking_ws/src/control/low_level_control/src/low_level_bridge.cpp:1[m[K:
[17.776s] [01m[K/home/ofek/grocery_picking_ws/src/control/low_level_control/include/low_level_control/low_level_bridge.hpp:87:18:[m[K [01;35m[Kwarning: [m[K‘[01m[KOdometryProcessor::last_odom_feedback_time_[m[K’ will be initialized after [[01;35m[K-Wreorder[m[K]
[17.776s]    87 |     rclcpp::Time [01;35m[Klast_odom_feedback_time_[m[K;  // Track last odometry feedback time
[17.776s]       |                  [01;35m[K^~~~~~~~~~~~~~~~~~~~~~~~[m[K
[17.776s] [01m[K/home/ofek/grocery_picking_ws/src/control/low_level_control/include/low_level_control/low_level_bridge.hpp:86:25:[m[K [01;35m[Kwarning: [m[K  ‘[01m[Kstd::atomic<long unsigned int> OdometryProcessor::queue_size_[m[K’ [[01;35m[K-Wreorder[m[K]
[17.776s]    86 |     std::atomic<size_t> [01;35m[Kqueue_size_[m[K;  // Track the size of the queue
[17.776s]       |                         [01;35m[K^~~~~~~~~~~[m[K
[17.777s] [01m[K/home/ofek/grocery_picking_ws/src/control/low_level_control/src/low_level_bridge.cpp:26:1:[m[K [01;35m[Kwarning: [m[K  when initialized here [[01;35m[K-Wreorder[m[K]
[17.777s]    26 | [01;35m[KOdometryProcessor[m[K::OdometryProcessor()
[17.777s]       | [01;35m[K^~~~~~~~~~~~~~~~~[m[K
[38.758s] [100%] [32m[1mLinking CXX executable low_level_bridge[0m
[39.692s] [100%] Built target low_level_bridge
[39.718s] Invoked command in '/home/ofek/grocery_picking_ws/build/low_level_control' returned '0': CMAKE_PREFIX_PATH=${CMAKE_PREFIX_PATH}:/opt/ros/foxy:/home/ofek/grocery_picking_ws/install/remote_control /usr/bin/cmake --build /home/ofek/grocery_picking_ws/build/low_level_control -- -j6 -l6
[39.773s] Invoking command in '/home/ofek/grocery_picking_ws/build/low_level_control': CMAKE_PREFIX_PATH=${CMAKE_PREFIX_PATH}:/opt/ros/foxy:/home/ofek/grocery_picking_ws/install/remote_control /usr/bin/cmake --install /home/ofek/grocery_picking_ws/build/low_level_control
[39.794s] -- Install configuration: ""
[39.794s] -- Installing: /home/ofek/grocery_picking_ws/install/low_level_control/lib/low_level_control/low_level_bridge
[39.802s] -- Set runtime path of "/home/ofek/grocery_picking_ws/install/low_level_control/lib/low_level_control/low_level_bridge" to ""
[39.802s] -- Installing: /home/ofek/grocery_picking_ws/install/low_level_control/share/ament_index/resource_index/package_run_dependencies/low_level_control
[39.802s] -- Installing: /home/ofek/grocery_picking_ws/install/low_level_control/share/ament_index/resource_index/parent_prefix_path/low_level_control
[39.803s] -- Installing: /home/ofek/grocery_picking_ws/install/low_level_control/share/low_level_control/environment/ament_prefix_path.sh
[39.803s] -- Installing: /home/ofek/grocery_picking_ws/install/low_level_control/share/low_level_control/environment/ament_prefix_path.dsv
[39.803s] -- Installing: /home/ofek/grocery_picking_ws/install/low_level_control/share/low_level_control/environment/path.sh
[39.803s] -- Installing: /home/ofek/grocery_picking_ws/install/low_level_control/share/low_level_control/environment/path.dsv
[39.804s] -- Installing: /home/ofek/grocery_picking_ws/install/low_level_control/share/low_level_control/local_setup.bash
[39.804s] -- Installing: /home/ofek/grocery_picking_ws/install/low_level_control/share/low_level_control/local_setup.sh
[39.804s] -- Installing: /home/ofek/grocery_picking_ws/install/low_level_control/share/low_level_control/local_setup.zsh
[39.805s] -- Installing: /home/ofek/grocery_picking_ws/install/low_level_control/share/low_level_control/local_setup.dsv
[39.805s] -- Installing: /home/ofek/grocery_picking_ws/install/low_level_control/share/low_level_control/package.dsv
[39.805s] -- Installing: /home/ofek/grocery_picking_ws/install/low_level_control/share/ament_index/resource_index/packages/low_level_control
[39.806s] -- Installing: /home/ofek/grocery_picking_ws/install/low_level_control/share/low_level_control/cmake/low_level_controlConfig.cmake
[39.806s] -- Installing: /home/ofek/grocery_picking_ws/install/low_level_control/share/low_level_control/cmake/low_level_controlConfig-version.cmake
[39.806s] -- Installing: /home/ofek/grocery_picking_ws/install/low_level_control/share/low_level_control/package.xml
[39.813s] Invoked command in '/home/ofek/grocery_picking_ws/build/low_level_control' returned '0': CMAKE_PREFIX_PATH=${CMAKE_PREFIX_PATH}:/opt/ros/foxy:/home/ofek/grocery_picking_ws/install/remote_control /usr/bin/cmake --install /home/ofek/grocery_picking_ws/build/low_level_control
