[1.576s] Invoking command in '/home/ofek/grocery_picking_ws/src/control/remote_control': PYTHONPATH=/home/ofek/grocery_picking_ws/build/remote_control/prefix_override:/usr/lib/python3/dist-packages/colcon_core/task/python/colcon_distutils_commands:/home/ofek/grocery_picking_ws/install/remote_control/lib/python3.8/site-packages:${PYTHONPATH} /usr/bin/python3 -W ignore:setup.py install is deprecated setup.py egg_info --egg-base ../../../build/remote_control build --build-base /home/ofek/grocery_picking_ws/build/remote_control/build install --record /home/ofek/grocery_picking_ws/build/remote_control/install.log --install-scripts $base/lib/remote_control --single-version-externally-managed install_data
[2.060s] running egg_info
[2.061s] creating ../../../build/remote_control/remote_control.egg-info
[2.062s] writing ../../../build/remote_control/remote_control.egg-info/PKG-INFO
[2.064s] writing dependency_links to ../../../build/remote_control/remote_control.egg-info/dependency_links.txt
[2.064s] writing entry points to ../../../build/remote_control/remote_control.egg-info/entry_points.txt
[2.064s] writing requirements to ../../../build/remote_control/remote_control.egg-info/requires.txt
[2.064s] writing top-level names to ../../../build/remote_control/remote_control.egg-info/top_level.txt
[2.066s] writing manifest file '../../../build/remote_control/remote_control.egg-info/SOURCES.txt'
[2.133s] reading manifest file '../../../build/remote_control/remote_control.egg-info/SOURCES.txt'
[2.135s] writing manifest file '../../../build/remote_control/remote_control.egg-info/SOURCES.txt'
[2.135s] running build
[2.135s] running build_py
[2.135s] creating /home/ofek/grocery_picking_ws/build/remote_control/build
[2.136s] creating /home/ofek/grocery_picking_ws/build/remote_control/build/lib
[2.136s] creating /home/ofek/grocery_picking_ws/build/remote_control/build/lib/remote_control
[2.136s] copying remote_control/joystick_control.py -> /home/ofek/grocery_picking_ws/build/remote_control/build/lib/remote_control
[2.136s] copying remote_control/__init__.py -> /home/ofek/grocery_picking_ws/build/remote_control/build/lib/remote_control
[2.137s] running install
[2.139s] running install_lib
[2.141s] creating /home/ofek/grocery_picking_ws/install/remote_control/lib/python3.8/site-packages/remote_control
[2.141s] copying /home/ofek/grocery_picking_ws/build/remote_control/build/lib/remote_control/joystick_control.py -> /home/ofek/grocery_picking_ws/install/remote_control/lib/python3.8/site-packages/remote_control
[2.142s] copying /home/ofek/grocery_picking_ws/build/remote_control/build/lib/remote_control/__init__.py -> /home/ofek/grocery_picking_ws/install/remote_control/lib/python3.8/site-packages/remote_control
[2.143s] byte-compiling /home/ofek/grocery_picking_ws/install/remote_control/lib/python3.8/site-packages/remote_control/joystick_control.py to joystick_control.cpython-38.pyc
[2.147s] byte-compiling /home/ofek/grocery_picking_ws/install/remote_control/lib/python3.8/site-packages/remote_control/__init__.py to __init__.cpython-38.pyc
[2.147s] running install_data
[2.147s] creating /home/ofek/grocery_picking_ws/install/remote_control/share/ament_index
[2.148s] creating /home/ofek/grocery_picking_ws/install/remote_control/share/ament_index/resource_index
[2.148s] creating /home/ofek/grocery_picking_ws/install/remote_control/share/ament_index/resource_index/packages
[2.148s] copying resource/remote_control -> /home/ofek/grocery_picking_ws/install/remote_control/share/ament_index/resource_index/packages
[2.148s] copying package.xml -> /home/ofek/grocery_picking_ws/install/remote_control/share/remote_control
[2.148s] running install_egg_info
[2.152s] Copying ../../../build/remote_control/remote_control.egg-info to /home/ofek/grocery_picking_ws/install/remote_control/lib/python3.8/site-packages/remote_control-0.0.0-py3.8.egg-info
[2.155s] running install_scripts
[2.193s] Installing joystick_control script to /home/ofek/grocery_picking_ws/install/remote_control/lib/remote_control
[2.193s] writing list of installed files to '/home/ofek/grocery_picking_ws/build/remote_control/install.log'
[2.257s] Invoked command in '/home/ofek/grocery_picking_ws/src/control/remote_control' returned '0': PYTHONPATH=/home/ofek/grocery_picking_ws/build/remote_control/prefix_override:/usr/lib/python3/dist-packages/colcon_core/task/python/colcon_distutils_commands:/home/ofek/grocery_picking_ws/install/remote_control/lib/python3.8/site-packages:${PYTHONPATH} /usr/bin/python3 -W ignore:setup.py install is deprecated setup.py egg_info --egg-base ../../../build/remote_control build --build-base /home/ofek/grocery_picking_ws/build/remote_control/build install --record /home/ofek/grocery_picking_ws/build/remote_control/install.log --install-scripts $base/lib/remote_control --single-version-externally-managed install_data
