[0.058s] Invoking command in '/home/ofek/grocery_picking_ws/build/snot_robot_description': CMAKE_PREFIX_PATH=${CMAKE_PREFIX_PATH}:/opt/ros/foxy:/home/ofek/grocery_picking_ws/install/remote_control /usr/bin/cmake /home/ofek/grocery_picking_ws/src/robot_description/snot_robot_description -DCMAKE_INSTALL_PREFIX=/home/ofek/grocery_picking_ws/install/snot_robot_description
[0.750s] -- The C compiler identification is GNU 9.4.0
[0.751s] -- The CXX compiler identification is GNU 9.4.0
[0.751s] -- Check for working C compiler: /usr/bin/cc
[0.943s] -- Check for working C compiler: /usr/bin/cc -- works
[0.945s] -- Detecting C compiler ABI info
[1.341s] -- Detecting C compiler ABI info - done
[1.392s] -- Detecting C compile features
[1.392s] -- Detecting C compile features - done
[1.413s] -- Check for working CXX compiler: /usr/bin/c++
[1.939s] -- Check for working CXX compiler: /usr/bin/c++ -- works
[1.941s] -- Detecting CXX compiler ABI info
[2.401s] -- Detecting CXX compiler ABI info - done
[2.440s] -- Detecting CXX compile features
[2.447s] -- Detecting CXX compile features - done
[2.464s] -- Found ament_cmake: 0.9.12 (/opt/ros/foxy/share/ament_cmake/cmake)
[2.592s] -- Found PythonInterp: /usr/bin/python3 (found suitable version "3.8.10", minimum required is "3") 
[2.593s] -- Using PYTHON_EXECUTABLE: /usr/bin/python3
[3.827s] -- Configuring done
[3.832s] -- Generating done
[3.835s] -- Build files have been written to: /home/ofek/grocery_picking_ws/build/snot_robot_description
[3.852s] Invoked command in '/home/ofek/grocery_picking_ws/build/snot_robot_description' returned '0': CMAKE_PREFIX_PATH=${CMAKE_PREFIX_PATH}:/opt/ros/foxy:/home/ofek/grocery_picking_ws/install/remote_control /usr/bin/cmake /home/ofek/grocery_picking_ws/src/robot_description/snot_robot_description -DCMAKE_INSTALL_PREFIX=/home/ofek/grocery_picking_ws/install/snot_robot_description
[3.855s] Invoking command in '/home/ofek/grocery_picking_ws/build/snot_robot_description': CMAKE_PREFIX_PATH=${CMAKE_PREFIX_PATH}:/opt/ros/foxy:/home/ofek/grocery_picking_ws/install/remote_control /usr/bin/cmake --build /home/ofek/grocery_picking_ws/build/snot_robot_description -- -j6 -l6
[4.145s] Invoked command in '/home/ofek/grocery_picking_ws/build/snot_robot_description' returned '0': CMAKE_PREFIX_PATH=${CMAKE_PREFIX_PATH}:/opt/ros/foxy:/home/ofek/grocery_picking_ws/install/remote_control /usr/bin/cmake --build /home/ofek/grocery_picking_ws/build/snot_robot_description -- -j6 -l6
[4.393s] Invoking command in '/home/ofek/grocery_picking_ws/build/snot_robot_description': CMAKE_PREFIX_PATH=${CMAKE_PREFIX_PATH}:/opt/ros/foxy:/home/ofek/grocery_picking_ws/install/remote_control /usr/bin/cmake --install /home/ofek/grocery_picking_ws/build/snot_robot_description
[4.449s] -- Install configuration: ""
[4.450s] -- Installing: /home/ofek/grocery_picking_ws/install/snot_robot_description/share/snot_robot_description/launch
[4.450s] -- Installing: /home/ofek/grocery_picking_ws/install/snot_robot_description/share/snot_robot_description/launch/launch.py
[4.450s] -- Installing: /home/ofek/grocery_picking_ws/install/snot_robot_description/share/snot_robot_description/meshes
[4.451s] -- Installing: /home/ofek/grocery_picking_ws/install/snot_robot_description/share/snot_robot_description/meshes/right_front_wheel.STL
[4.451s] -- Installing: /home/ofek/grocery_picking_ws/install/snot_robot_description/share/snot_robot_description/meshes/left_rear_wheel.STL
[4.456s] -- Installing: /home/ofek/grocery_picking_ws/install/snot_robot_description/share/snot_robot_description/meshes/base_link.STL
[4.556s] -- Installing: /home/ofek/grocery_picking_ws/install/snot_robot_description/share/snot_robot_description/meshes/lidar.STL
[4.568s] -- Installing: /home/ofek/grocery_picking_ws/install/snot_robot_description/share/snot_robot_description/meshes/camera.STL
[4.578s] -- Installing: /home/ofek/grocery_picking_ws/install/snot_robot_description/share/snot_robot_description/meshes/right_rear_wheel.STL
[4.580s] -- Installing: /home/ofek/grocery_picking_ws/install/snot_robot_description/share/snot_robot_description/meshes/left_front_wheel.STL
[4.580s] -- Installing: /home/ofek/grocery_picking_ws/install/snot_robot_description/share/snot_robot_description/urdf
[4.580s] -- Installing: /home/ofek/grocery_picking_ws/install/snot_robot_description/share/snot_robot_description/urdf/snot_bot_urdf.urdf
[4.584s] -- Installing: /home/ofek/grocery_picking_ws/install/snot_robot_description/share/ament_index/resource_index/package_run_dependencies/snot_robot_description
[4.584s] -- Installing: /home/ofek/grocery_picking_ws/install/snot_robot_description/share/ament_index/resource_index/parent_prefix_path/snot_robot_description
[4.588s] -- Installing: /home/ofek/grocery_picking_ws/install/snot_robot_description/share/snot_robot_description/environment/ament_prefix_path.sh
[4.588s] -- Installing: /home/ofek/grocery_picking_ws/install/snot_robot_description/share/snot_robot_description/environment/ament_prefix_path.dsv
[4.589s] -- Installing: /home/ofek/grocery_picking_ws/install/snot_robot_description/share/snot_robot_description/environment/path.sh
[4.589s] -- Installing: /home/ofek/grocery_picking_ws/install/snot_robot_description/share/snot_robot_description/environment/path.dsv
[4.590s] -- Installing: /home/ofek/grocery_picking_ws/install/snot_robot_description/share/snot_robot_description/local_setup.bash
[4.596s] -- Installing: /home/ofek/grocery_picking_ws/install/snot_robot_description/share/snot_robot_description/local_setup.sh
[4.596s] -- Installing: /home/ofek/grocery_picking_ws/install/snot_robot_description/share/snot_robot_description/local_setup.zsh
[4.597s] -- Installing: /home/ofek/grocery_picking_ws/install/snot_robot_description/share/snot_robot_description/local_setup.dsv
[4.597s] -- Installing: /home/ofek/grocery_picking_ws/install/snot_robot_description/share/snot_robot_description/package.dsv
[4.598s] -- Installing: /home/ofek/grocery_picking_ws/install/snot_robot_description/share/ament_index/resource_index/packages/snot_robot_description
[4.599s] -- Installing: /home/ofek/grocery_picking_ws/install/snot_robot_description/share/snot_robot_description/cmake/snot_robot_descriptionConfig.cmake
[4.599s] -- Installing: /home/ofek/grocery_picking_ws/install/snot_robot_description/share/snot_robot_description/cmake/snot_robot_descriptionConfig-version.cmake
[4.600s] -- Installing: /home/ofek/grocery_picking_ws/install/snot_robot_description/share/snot_robot_description/package.xml
[4.607s] Invoked command in '/home/ofek/grocery_picking_ws/build/snot_robot_description' returned '0': CMAKE_PREFIX_PATH=${CMAKE_PREFIX_PATH}:/opt/ros/foxy:/home/ofek/grocery_picking_ws/install/remote_control /usr/bin/cmake --install /home/ofek/grocery_picking_ws/build/snot_robot_description
