[0.037s] Invoking command in '/home/ofek/grocery_picking_ws/build/slam': CMAKE_PREFIX_PATH=${CMAKE_PREFIX_PATH}:/opt/ros/foxy:/home/ofek/grocery_picking_ws/install/remote_control /usr/bin/cmake /home/ofek/grocery_picking_ws/src/slam/slam -DCMAKE_INSTALL_PREFIX=/home/ofek/grocery_picking_ws/install/slam
[1.328s] -- The C compiler identification is GNU 9.4.0
[1.332s] -- The CXX compiler identification is GNU 9.4.0
[1.337s] -- Check for working C compiler: /usr/bin/cc
[1.338s] -- Check for working C compiler: /usr/bin/cc -- works
[1.338s] -- Detecting C compiler ABI info
[1.338s] -- Detecting C compiler ABI info - done
[1.338s] -- Detecting C compile features
[1.338s] -- Detecting C compile features - done
[1.339s] -- Check for working CXX compiler: /usr/bin/c++
[1.366s] -- Check for working CXX compiler: /usr/bin/c++ -- works
[1.366s] -- Detecting CXX compiler ABI info
[1.609s] -- Detecting CXX compiler ABI info - done
[1.630s] -- Detecting CXX compile features
[1.632s] -- Detecting CXX compile features - done
[1.642s] -- Found ament_cmake: 0.9.12 (/opt/ros/foxy/share/ament_cmake/cmake)
[1.696s] -- Found PythonInterp: /usr/bin/python3 (found suitable version "3.8.10", minimum required is "3") 
[1.696s] -- Using PYTHON_EXECUTABLE: /usr/bin/python3
[2.279s] -- Found ament_lint_auto: 0.9.8 (/opt/ros/foxy/share/ament_lint_auto/cmake)
[2.510s] -- Added test 'copyright' to check source files copyright and LICENSE
[2.515s] -- Added test 'lint_cmake' to check CMake code style
[2.519s] -- Added test 'xmllint' to check XML markup files
[2.525s] -- Configuring done
[2.531s] -- Generating done
[2.534s] -- Build files have been written to: /home/ofek/grocery_picking_ws/build/slam
[2.552s] Invoked command in '/home/ofek/grocery_picking_ws/build/slam' returned '0': CMAKE_PREFIX_PATH=${CMAKE_PREFIX_PATH}:/opt/ros/foxy:/home/ofek/grocery_picking_ws/install/remote_control /usr/bin/cmake /home/ofek/grocery_picking_ws/src/slam/slam -DCMAKE_INSTALL_PREFIX=/home/ofek/grocery_picking_ws/install/slam
[2.554s] Invoking command in '/home/ofek/grocery_picking_ws/build/slam': CMAKE_PREFIX_PATH=${CMAKE_PREFIX_PATH}:/opt/ros/foxy:/home/ofek/grocery_picking_ws/install/remote_control /usr/bin/cmake --build /home/ofek/grocery_picking_ws/build/slam -- -j6 -l6
[2.816s] Invoked command in '/home/ofek/grocery_picking_ws/build/slam' returned '0': CMAKE_PREFIX_PATH=${CMAKE_PREFIX_PATH}:/opt/ros/foxy:/home/ofek/grocery_picking_ws/install/remote_control /usr/bin/cmake --build /home/ofek/grocery_picking_ws/build/slam -- -j6 -l6
[3.088s] Invoking command in '/home/ofek/grocery_picking_ws/build/slam': CMAKE_PREFIX_PATH=${CMAKE_PREFIX_PATH}:/opt/ros/foxy:/home/ofek/grocery_picking_ws/install/remote_control /usr/bin/cmake --install /home/ofek/grocery_picking_ws/build/slam
[5.650s] -- Install configuration: ""
[5.650s] -- Installing: /home/ofek/grocery_picking_ws/install/slam/share/slam/config
[5.650s] -- Installing: /home/ofek/grocery_picking_ws/install/slam/share/slam/config/snot_mapper_params_online_async.yaml
[5.650s] -- Up-to-date: /home/ofek/grocery_picking_ws/install/slam/share/slam/config
[5.650s] -- Up-to-date: /home/ofek/grocery_picking_ws/install/slam/share/slam/config/snot_mapper_params_online_async.yaml
[5.650s] -- Installing: /home/ofek/grocery_picking_ws/install/slam/share/ament_index/resource_index/package_run_dependencies/slam
[5.650s] -- Installing: /home/ofek/grocery_picking_ws/install/slam/share/ament_index/resource_index/parent_prefix_path/slam
[5.651s] -- Installing: /home/ofek/grocery_picking_ws/install/slam/share/slam/environment/ament_prefix_path.sh
[5.651s] -- Installing: /home/ofek/grocery_picking_ws/install/slam/share/slam/environment/ament_prefix_path.dsv
[5.651s] -- Installing: /home/ofek/grocery_picking_ws/install/slam/share/slam/environment/path.sh
[5.651s] -- Installing: /home/ofek/grocery_picking_ws/install/slam/share/slam/environment/path.dsv
[5.651s] -- Installing: /home/ofek/grocery_picking_ws/install/slam/share/slam/local_setup.bash
[5.651s] -- Installing: /home/ofek/grocery_picking_ws/install/slam/share/slam/local_setup.sh
[5.651s] -- Installing: /home/ofek/grocery_picking_ws/install/slam/share/slam/local_setup.zsh
[5.651s] -- Installing: /home/ofek/grocery_picking_ws/install/slam/share/slam/local_setup.dsv
[5.652s] -- Installing: /home/ofek/grocery_picking_ws/install/slam/share/slam/package.dsv
[5.652s] -- Installing: /home/ofek/grocery_picking_ws/install/slam/share/ament_index/resource_index/packages/slam
[5.652s] -- Installing: /home/ofek/grocery_picking_ws/install/slam/share/slam/cmake/slamConfig.cmake
[5.652s] -- Installing: /home/ofek/grocery_picking_ws/install/slam/share/slam/cmake/slamConfig-version.cmake
[5.652s] -- Installing: /home/ofek/grocery_picking_ws/install/slam/share/slam/package.xml
[5.674s] Invoked command in '/home/ofek/grocery_picking_ws/build/slam' returned '0': CMAKE_PREFIX_PATH=${CMAKE_PREFIX_PATH}:/opt/ros/foxy:/home/ofek/grocery_picking_ws/install/remote_control /usr/bin/cmake --install /home/ofek/grocery_picking_ws/build/slam
