[0.082s] Invoking command in '/home/ofek/grocery_picking_ws/build/localization': CMAKE_PREFIX_PATH=${CMAKE_PREFIX_PATH}:/opt/ros/foxy:/home/ofek/grocery_picking_ws/install/remote_control /usr/bin/cmake /home/ofek/grocery_picking_ws/src/localization/localization -DCMAKE_INSTALL_PREFIX=/home/ofek/grocery_picking_ws/install/localization
[0.680s] -- The C compiler identification is GNU 9.4.0
[0.680s] -- The CXX compiler identification is GNU 9.4.0
[0.680s] -- Check for working C compiler: /usr/bin/cc
[0.680s] -- Check for working C compiler: /usr/bin/cc -- works
[0.681s] -- Detecting C compiler ABI info
[0.681s] -- Detecting C compiler ABI info - done
[0.682s] -- Detecting C compile features
[0.682s] -- Detecting C compile features - done
[0.683s] -- Check for working CXX compiler: /usr/bin/c++
[0.798s] -- Check for working CXX compiler: /usr/bin/c++ -- works
[0.799s] -- Detecting CXX compiler ABI info
[0.971s] -- Detecting CXX compiler ABI info - done
[0.993s] -- Detecting CXX compile features
[0.996s] -- Detecting CXX compile features - done
[1.003s] -- Found ament_cmake: 0.9.12 (/opt/ros/foxy/share/ament_cmake/cmake)
[1.062s] -- Found PythonInterp: /usr/bin/python3 (found suitable version "3.8.10", minimum required is "3") 
[1.063s] -- Using PYTHON_EXECUTABLE: /usr/bin/python3
[1.528s] -- Found rclcpp: 2.4.3 (/opt/ros/foxy/share/rclcpp/cmake)
[1.629s] -- Using all available rosidl_typesupport_c: rosidl_typesupport_fastrtps_c;rosidl_typesupport_introspection_c
[1.643s] -- Found rosidl_adapter: 1.3.1 (/opt/ros/foxy/share/rosidl_adapter/cmake)
[1.890s] -- Found OpenSSL: /usr/lib/aarch64-linux-gnu/libcrypto.so (found version "1.1.1f")  
[1.962s] -- Found FastRTPS: /opt/ros/foxy/include  
[2.133s] -- Using all available rosidl_typesupport_cpp: rosidl_typesupport_fastrtps_cpp;rosidl_typesupport_introspection_cpp
[2.249s] -- Found rmw_implementation_cmake: 1.0.4 (/opt/ros/foxy/share/rmw_implementation_cmake/cmake)
[2.253s] -- Using RMW implementation 'rmw_fastrtps_cpp' as default
[2.255s] -- Looking for pthread.h
[2.428s] -- Looking for pthread.h - found
[2.432s] -- Performing Test CMAKE_HAVE_LIBC_PTHREAD
[2.586s] -- Performing Test CMAKE_HAVE_LIBC_PTHREAD - Failed
[2.587s] -- Looking for pthread_create in pthreads
[2.713s] -- Looking for pthread_create in pthreads - not found
[2.713s] -- Looking for pthread_create in pthread
[2.857s] -- Looking for pthread_create in pthread - found
[2.859s] -- Found Threads: TRUE  
[3.167s] -- Found sensor_msgs: 2.0.5 (/opt/ros/foxy/share/sensor_msgs/cmake)
[3.391s] -- Found tf2_ros: 0.13.14 (/opt/ros/foxy/share/tf2_ros/cmake)
[4.098s] -- Found Boost: /usr/lib/aarch64-linux-gnu/cmake/Boost-1.71.0/BoostConfig.cmake (found version "1.71.0") found components: system 
[4.106s] -- Found robot_localization: 3.1.2 (/opt/ros/foxy/share/robot_localization/cmake)
[5.058s] -- Found ament_lint_auto: 0.9.8 (/opt/ros/foxy/share/ament_lint_auto/cmake)
[5.257s] -- Added test 'copyright' to check source files copyright and LICENSE
[5.261s] -- Added test 'flake8' to check Python code syntax and style conventions
[5.263s] -- Added test 'lint_cmake' to check CMake code style
[5.264s] -- Added test 'pep257' to check Python code against some of the style conventions in PEP 257
[5.267s] -- Added test 'xmllint' to check XML markup files
[5.293s] -- Configuring done
[5.305s] -- Generating done
[5.310s] -- Build files have been written to: /home/ofek/grocery_picking_ws/build/localization
[5.356s] Invoked command in '/home/ofek/grocery_picking_ws/build/localization' returned '0': CMAKE_PREFIX_PATH=${CMAKE_PREFIX_PATH}:/opt/ros/foxy:/home/ofek/grocery_picking_ws/install/remote_control /usr/bin/cmake /home/ofek/grocery_picking_ws/src/localization/localization -DCMAKE_INSTALL_PREFIX=/home/ofek/grocery_picking_ws/install/localization
[5.357s] Invoking command in '/home/ofek/grocery_picking_ws/build/localization': CMAKE_PREFIX_PATH=${CMAKE_PREFIX_PATH}:/opt/ros/foxy:/home/ofek/grocery_picking_ws/install/remote_control /usr/bin/cmake --build /home/ofek/grocery_picking_ws/build/localization -- -j6 -l6
[5.483s] Invoked command in '/home/ofek/grocery_picking_ws/build/localization' returned '0': CMAKE_PREFIX_PATH=${CMAKE_PREFIX_PATH}:/opt/ros/foxy:/home/ofek/grocery_picking_ws/install/remote_control /usr/bin/cmake --build /home/ofek/grocery_picking_ws/build/localization -- -j6 -l6
[5.587s] Invoking command in '/home/ofek/grocery_picking_ws/build/localization': CMAKE_PREFIX_PATH=${CMAKE_PREFIX_PATH}:/opt/ros/foxy:/home/ofek/grocery_picking_ws/install/remote_control /usr/bin/cmake --install /home/ofek/grocery_picking_ws/build/localization
[6.343s] -- Install configuration: ""
[6.343s] -- Installing: /home/ofek/grocery_picking_ws/install/localization/share/localization/launch
[6.344s] -- Installing: /home/ofek/grocery_picking_ws/install/localization/share/localization/launch/snot_ekf.launch.py
[6.344s] -- Installing: /home/ofek/grocery_picking_ws/install/localization/share/localization/config
[6.344s] -- Installing: /home/ofek/grocery_picking_ws/install/localization/share/localization/config/snot_ekf_config.yaml
[6.344s] -- Installing: /home/ofek/grocery_picking_ws/install/localization/share/ament_index/resource_index/package_run_dependencies/localization
[6.344s] -- Installing: /home/ofek/grocery_picking_ws/install/localization/share/ament_index/resource_index/parent_prefix_path/localization
[6.344s] -- Installing: /home/ofek/grocery_picking_ws/install/localization/share/localization/environment/ament_prefix_path.sh
[6.344s] -- Installing: /home/ofek/grocery_picking_ws/install/localization/share/localization/environment/ament_prefix_path.dsv
[6.345s] -- Installing: /home/ofek/grocery_picking_ws/install/localization/share/localization/environment/path.sh
[6.345s] -- Installing: /home/ofek/grocery_picking_ws/install/localization/share/localization/environment/path.dsv
[6.345s] -- Installing: /home/ofek/grocery_picking_ws/install/localization/share/localization/local_setup.bash
[6.345s] -- Installing: /home/ofek/grocery_picking_ws/install/localization/share/localization/local_setup.sh
[6.345s] -- Installing: /home/ofek/grocery_picking_ws/install/localization/share/localization/local_setup.zsh
[6.345s] -- Installing: /home/ofek/grocery_picking_ws/install/localization/share/localization/local_setup.dsv
[6.345s] -- Installing: /home/ofek/grocery_picking_ws/install/localization/share/localization/package.dsv
[6.345s] -- Installing: /home/ofek/grocery_picking_ws/install/localization/share/ament_index/resource_index/packages/localization
[6.346s] -- Installing: /home/ofek/grocery_picking_ws/install/localization/share/localization/cmake/localizationConfig.cmake
[6.346s] -- Installing: /home/ofek/grocery_picking_ws/install/localization/share/localization/cmake/localizationConfig-version.cmake
[6.346s] -- Installing: /home/ofek/grocery_picking_ws/install/localization/share/localization/package.xml
[6.369s] Invoked command in '/home/ofek/grocery_picking_ws/build/localization' returned '0': CMAKE_PREFIX_PATH=${CMAKE_PREFIX_PATH}:/opt/ros/foxy:/home/ofek/grocery_picking_ws/install/remote_control /usr/bin/cmake --install /home/ofek/grocery_picking_ws/build/localization
