running egg_info
creating ../../../build/remote_control/remote_control.egg-info
writing ../../../build/remote_control/remote_control.egg-info/PKG-INFO
writing dependency_links to ../../../build/remote_control/remote_control.egg-info/dependency_links.txt
writing entry points to ../../../build/remote_control/remote_control.egg-info/entry_points.txt
writing requirements to ../../../build/remote_control/remote_control.egg-info/requires.txt
writing top-level names to ../../../build/remote_control/remote_control.egg-info/top_level.txt
writing manifest file '../../../build/remote_control/remote_control.egg-info/SOURCES.txt'
reading manifest file '../../../build/remote_control/remote_control.egg-info/SOURCES.txt'
writing manifest file '../../../build/remote_control/remote_control.egg-info/SOURCES.txt'
running build
running build_py
creating /home/ofek/grocery_picking_ws/build/remote_control/build
creating /home/ofek/grocery_picking_ws/build/remote_control/build/lib
creating /home/ofek/grocery_picking_ws/build/remote_control/build/lib/remote_control
copying remote_control/joystick_control.py -> /home/ofek/grocery_picking_ws/build/remote_control/build/lib/remote_control
copying remote_control/__init__.py -> /home/ofek/grocery_picking_ws/build/remote_control/build/lib/remote_control
running install
running install_lib
creating /home/ofek/grocery_picking_ws/install/remote_control/lib/python3.8/site-packages/remote_control
copying /home/ofek/grocery_picking_ws/build/remote_control/build/lib/remote_control/joystick_control.py -> /home/ofek/grocery_picking_ws/install/remote_control/lib/python3.8/site-packages/remote_control
copying /home/ofek/grocery_picking_ws/build/remote_control/build/lib/remote_control/__init__.py -> /home/ofek/grocery_picking_ws/install/remote_control/lib/python3.8/site-packages/remote_control
byte-compiling /home/ofek/grocery_picking_ws/install/remote_control/lib/python3.8/site-packages/remote_control/joystick_control.py to joystick_control.cpython-38.pyc
byte-compiling /home/ofek/grocery_picking_ws/install/remote_control/lib/python3.8/site-packages/remote_control/__init__.py to __init__.cpython-38.pyc
running install_data
creating /home/ofek/grocery_picking_ws/install/remote_control/share/ament_index
creating /home/ofek/grocery_picking_ws/install/remote_control/share/ament_index/resource_index
creating /home/ofek/grocery_picking_ws/install/remote_control/share/ament_index/resource_index/packages
copying resource/remote_control -> /home/ofek/grocery_picking_ws/install/remote_control/share/ament_index/resource_index/packages
copying package.xml -> /home/ofek/grocery_picking_ws/install/remote_control/share/remote_control
running install_egg_info
Copying ../../../build/remote_control/remote_control.egg-info to /home/ofek/grocery_picking_ws/install/remote_control/lib/python3.8/site-packages/remote_control-0.0.0-py3.8.egg-info
running install_scripts
Installing joystick_control script to /home/ofek/grocery_picking_ws/install/remote_control/lib/remote_control
writing list of installed files to '/home/ofek/grocery_picking_ws/build/remote_control/install.log'
