[1.567s] Invoking command in '/home/ofek/grocery_picking_ws/src/control/remote_control': PYTHONPATH=/home/ofek/grocery_picking_ws/build/remote_control/prefix_override:/usr/lib/python3/dist-packages/colcon_core/task/python/colcon_distutils_commands:/home/ofek/grocery_picking_ws/install/remote_control/lib/python3.8/site-packages:${PYTHONPATH} /usr/bin/python3 -W ignore:setup.py install is deprecated setup.py egg_info --egg-base ../../../build/remote_control build --build-base /home/ofek/grocery_picking_ws/build/remote_control/build install --record /home/ofek/grocery_picking_ws/build/remote_control/install.log --install-scripts $base/lib/remote_control --single-version-externally-managed install_data
[2.046s] running egg_info
[2.047s] creating ../../../build/remote_control/remote_control.egg-info
[2.047s] writing ../../../build/remote_control/remote_control.egg-info/PKG-INFO
[2.048s] writing dependency_links to ../../../build/remote_control/remote_control.egg-info/dependency_links.txt
[2.048s] writing entry points to ../../../build/remote_control/remote_control.egg-info/entry_points.txt
[2.048s] writing requirements to ../../../build/remote_control/remote_control.egg-info/requires.txt
[2.048s] writing top-level names to ../../../build/remote_control/remote_control.egg-info/top_level.txt
[2.051s] writing manifest file '../../../build/remote_control/remote_control.egg-info/SOURCES.txt'
[2.116s] reading manifest file '../../../build/remote_control/remote_control.egg-info/SOURCES.txt'
[2.117s] writing manifest file '../../../build/remote_control/remote_control.egg-info/SOURCES.txt'
[2.117s] running build
[2.118s] running build_py
[2.118s] creating /home/ofek/grocery_picking_ws/build/remote_control/build
[2.118s] creating /home/ofek/grocery_picking_ws/build/remote_control/build/lib
[2.118s] creating /home/ofek/grocery_picking_ws/build/remote_control/build/lib/remote_control
[2.119s] copying remote_control/joystick_control.py -> /home/ofek/grocery_picking_ws/build/remote_control/build/lib/remote_control
[2.119s] copying remote_control/__init__.py -> /home/ofek/grocery_picking_ws/build/remote_control/build/lib/remote_control
[2.119s] running install
[2.121s] running install_lib
[2.123s] creating /home/ofek/grocery_picking_ws/install/remote_control/lib/python3.8/site-packages/remote_control
[2.123s] copying /home/ofek/grocery_picking_ws/build/remote_control/build/lib/remote_control/joystick_control.py -> /home/ofek/grocery_picking_ws/install/remote_control/lib/python3.8/site-packages/remote_control
[2.123s] copying /home/ofek/grocery_picking_ws/build/remote_control/build/lib/remote_control/__init__.py -> /home/ofek/grocery_picking_ws/install/remote_control/lib/python3.8/site-packages/remote_control
[2.124s] byte-compiling /home/ofek/grocery_picking_ws/install/remote_control/lib/python3.8/site-packages/remote_control/joystick_control.py to joystick_control.cpython-38.pyc
[2.128s] byte-compiling /home/ofek/grocery_picking_ws/install/remote_control/lib/python3.8/site-packages/remote_control/__init__.py to __init__.cpython-38.pyc
[2.128s] running install_data
[2.128s] creating /home/ofek/grocery_picking_ws/install/remote_control/share/ament_index
[2.129s] creating /home/ofek/grocery_picking_ws/install/remote_control/share/ament_index/resource_index
[2.129s] creating /home/ofek/grocery_picking_ws/install/remote_control/share/ament_index/resource_index/packages
[2.129s] copying resource/remote_control -> /home/ofek/grocery_picking_ws/install/remote_control/share/ament_index/resource_index/packages
[2.129s] copying package.xml -> /home/ofek/grocery_picking_ws/install/remote_control/share/remote_control
[2.130s] running install_egg_info
[2.133s] Copying ../../../build/remote_control/remote_control.egg-info to /home/ofek/grocery_picking_ws/install/remote_control/lib/python3.8/site-packages/remote_control-0.0.0-py3.8.egg-info
[2.135s] running install_scripts
[2.173s] Installing joystick_control script to /home/ofek/grocery_picking_ws/install/remote_control/lib/remote_control
[2.174s] writing list of installed files to '/home/ofek/grocery_picking_ws/build/remote_control/install.log'
[2.235s] Invoked command in '/home/ofek/grocery_picking_ws/src/control/remote_control' returned '0': PYTHONPATH=/home/ofek/grocery_picking_ws/build/remote_control/prefix_override:/usr/lib/python3/dist-packages/colcon_core/task/python/colcon_distutils_commands:/home/ofek/grocery_picking_ws/install/remote_control/lib/python3.8/site-packages:${PYTHONPATH} /usr/bin/python3 -W ignore:setup.py install is deprecated setup.py egg_info --egg-base ../../../build/remote_control build --build-base /home/ofek/grocery_picking_ws/build/remote_control/build install --record /home/ofek/grocery_picking_ws/build/remote_control/install.log --install-scripts $base/lib/remote_control --single-version-externally-managed install_data
