-- The C compiler identification is GNU 9.4.0
-- The CXX compiler identification is GNU 9.4.0
-- Check for working C compiler: /usr/bin/cc
-- Check for working C compiler: /usr/bin/cc -- works
-- Detecting C compiler ABI info
-- Detecting C compiler ABI info - done
-- Detecting C compile features
-- Detecting C compile features - done
-- Check for working CXX compiler: /usr/bin/c++
-- Check for working CXX compiler: /usr/bin/c++ -- works
-- Detecting CXX compiler ABI info
-- Detecting CXX compiler ABI info - done
-- Detecting CXX compile features
-- Detecting CXX compile features - done
-- Found ament_cmake: 0.9.12 (/opt/ros/foxy/share/ament_cmake/cmake)
-- Found PythonInterp: /usr/bin/python3 (found suitable version "3.8.10", minimum required is "3") 
-- Using PYTHON_EXECUTABLE: /usr/bin/python3
-- Configuring done
-- Generating done
-- Build files have been written to: /home/ofek/grocery_picking_ws/build/snot_robot_description
-- Install configuration: ""
-- Installing: /home/ofek/grocery_picking_ws/install/snot_robot_description/share/snot_robot_description/launch
-- Installing: /home/ofek/grocery_picking_ws/install/snot_robot_description/share/snot_robot_description/launch/launch.py
-- Installing: /home/ofek/grocery_picking_ws/install/snot_robot_description/share/snot_robot_description/meshes
-- Installing: /home/ofek/grocery_picking_ws/install/snot_robot_description/share/snot_robot_description/meshes/right_front_wheel.STL
-- Installing: /home/ofek/grocery_picking_ws/install/snot_robot_description/share/snot_robot_description/meshes/left_rear_wheel.STL
-- Installing: /home/ofek/grocery_picking_ws/install/snot_robot_description/share/snot_robot_description/meshes/base_link.STL
-- Installing: /home/ofek/grocery_picking_ws/install/snot_robot_description/share/snot_robot_description/meshes/lidar.STL
-- Installing: /home/ofek/grocery_picking_ws/install/snot_robot_description/share/snot_robot_description/meshes/camera.STL
-- Installing: /home/ofek/grocery_picking_ws/install/snot_robot_description/share/snot_robot_description/meshes/right_rear_wheel.STL
-- Installing: /home/ofek/grocery_picking_ws/install/snot_robot_description/share/snot_robot_description/meshes/left_front_wheel.STL
-- Installing: /home/ofek/grocery_picking_ws/install/snot_robot_description/share/snot_robot_description/urdf
-- Installing: /home/ofek/grocery_picking_ws/install/snot_robot_description/share/snot_robot_description/urdf/snot_bot_urdf.urdf
-- Installing: /home/ofek/grocery_picking_ws/install/snot_robot_description/share/ament_index/resource_index/package_run_dependencies/snot_robot_description
-- Installing: /home/ofek/grocery_picking_ws/install/snot_robot_description/share/ament_index/resource_index/parent_prefix_path/snot_robot_description
-- Installing: /home/ofek/grocery_picking_ws/install/snot_robot_description/share/snot_robot_description/environment/ament_prefix_path.sh
-- Installing: /home/ofek/grocery_picking_ws/install/snot_robot_description/share/snot_robot_description/environment/ament_prefix_path.dsv
-- Installing: /home/ofek/grocery_picking_ws/install/snot_robot_description/share/snot_robot_description/environment/path.sh
-- Installing: /home/ofek/grocery_picking_ws/install/snot_robot_description/share/snot_robot_description/environment/path.dsv
-- Installing: /home/ofek/grocery_picking_ws/install/snot_robot_description/share/snot_robot_description/local_setup.bash
-- Installing: /home/ofek/grocery_picking_ws/install/snot_robot_description/share/snot_robot_description/local_setup.sh
-- Installing: /home/ofek/grocery_picking_ws/install/snot_robot_description/share/snot_robot_description/local_setup.zsh
-- Installing: /home/ofek/grocery_picking_ws/install/snot_robot_description/share/snot_robot_description/local_setup.dsv
-- Installing: /home/ofek/grocery_picking_ws/install/snot_robot_description/share/snot_robot_description/package.dsv
-- Installing: /home/ofek/grocery_picking_ws/install/snot_robot_description/share/ament_index/resource_index/packages/snot_robot_description
-- Installing: /home/ofek/grocery_picking_ws/install/snot_robot_description/share/snot_robot_description/cmake/snot_robot_descriptionConfig.cmake
-- Installing: /home/ofek/grocery_picking_ws/install/snot_robot_description/share/snot_robot_description/cmake/snot_robot_descriptionConfig-version.cmake
-- Installing: /home/ofek/grocery_picking_ws/install/snot_robot_description/share/snot_robot_description/package.xml
