[0.044s] Invoking command in '/home/ofek/grocery_picking_ws/build/snot_robot_description': CMAKE_PREFIX_PATH=${CMAKE_PREFIX_PATH}:/opt/ros/foxy:/home/ofek/grocery_picking_ws/install/remote_control /usr/bin/cmake /home/ofek/grocery_picking_ws/src/robot_description/snot_robot_description -DCMAKE_INSTALL_PREFIX=/home/ofek/grocery_picking_ws/install/snot_robot_description
[0.295s] -- The C compiler identification is GNU 9.4.0
[0.533s] -- The CXX compiler identification is GNU 9.4.0
[0.554s] -- Check for working C compiler: /usr/bin/cc
[0.968s] -- Check for working C compiler: /usr/bin/cc -- works
[0.970s] -- Detecting C compiler ABI info
[1.397s] -- Detecting C compiler ABI info - done
[1.437s] -- Detecting C compile features
[1.438s] -- Detecting C compile features - done
[1.444s] -- Check for working CXX compiler: /usr/bin/c++
[1.952s] -- Check for working CXX compiler: /usr/bin/c++ -- works
[1.952s] -- Detecting CXX compiler ABI info
[2.388s] -- Detecting CXX compiler ABI info - done
[2.425s] -- Detecting CXX compile features
[2.431s] -- Detecting CXX compile features - done
[2.443s] -- Found ament_cmake: 0.9.12 (/opt/ros/foxy/share/ament_cmake/cmake)
[2.578s] -- Found PythonInterp: /usr/bin/python3 (found suitable version "3.8.10", minimum required is "3") 
[2.579s] -- Using PYTHON_EXECUTABLE: /usr/bin/python3
[4.009s] -- Configuring done
[4.022s] -- Generating done
[4.025s] -- Build files have been written to: /home/ofek/grocery_picking_ws/build/snot_robot_description
[4.042s] Invoked command in '/home/ofek/grocery_picking_ws/build/snot_robot_description' returned '0': CMAKE_PREFIX_PATH=${CMAKE_PREFIX_PATH}:/opt/ros/foxy:/home/ofek/grocery_picking_ws/install/remote_control /usr/bin/cmake /home/ofek/grocery_picking_ws/src/robot_description/snot_robot_description -DCMAKE_INSTALL_PREFIX=/home/ofek/grocery_picking_ws/install/snot_robot_description
[4.043s] Invoking command in '/home/ofek/grocery_picking_ws/build/snot_robot_description': CMAKE_PREFIX_PATH=${CMAKE_PREFIX_PATH}:/opt/ros/foxy:/home/ofek/grocery_picking_ws/install/remote_control /usr/bin/cmake --build /home/ofek/grocery_picking_ws/build/snot_robot_description -- -j6 -l6
[4.310s] Invoked command in '/home/ofek/grocery_picking_ws/build/snot_robot_description' returned '0': CMAKE_PREFIX_PATH=${CMAKE_PREFIX_PATH}:/opt/ros/foxy:/home/ofek/grocery_picking_ws/install/remote_control /usr/bin/cmake --build /home/ofek/grocery_picking_ws/build/snot_robot_description -- -j6 -l6
[4.571s] Invoking command in '/home/ofek/grocery_picking_ws/build/snot_robot_description': CMAKE_PREFIX_PATH=${CMAKE_PREFIX_PATH}:/opt/ros/foxy:/home/ofek/grocery_picking_ws/install/remote_control /usr/bin/cmake --install /home/ofek/grocery_picking_ws/build/snot_robot_description
[4.627s] -- Install configuration: ""
[4.627s] -- Installing: /home/ofek/grocery_picking_ws/install/snot_robot_description/share/snot_robot_description/launch
[4.628s] -- Installing: /home/ofek/grocery_picking_ws/install/snot_robot_description/share/snot_robot_description/launch/launch.py
[4.628s] -- Installing: /home/ofek/grocery_picking_ws/install/snot_robot_description/share/snot_robot_description/meshes
[4.628s] -- Installing: /home/ofek/grocery_picking_ws/install/snot_robot_description/share/snot_robot_description/meshes/right_front_wheel.STL
[4.628s] -- Installing: /home/ofek/grocery_picking_ws/install/snot_robot_description/share/snot_robot_description/meshes/left_rear_wheel.STL
[4.628s] -- Installing: /home/ofek/grocery_picking_ws/install/snot_robot_description/share/snot_robot_description/meshes/base_link.STL
[4.732s] -- Installing: /home/ofek/grocery_picking_ws/install/snot_robot_description/share/snot_robot_description/meshes/lidar.STL
[4.732s] -- Installing: /home/ofek/grocery_picking_ws/install/snot_robot_description/share/snot_robot_description/meshes/camera.STL
[4.755s] -- Installing: /home/ofek/grocery_picking_ws/install/snot_robot_description/share/snot_robot_description/meshes/right_rear_wheel.STL
[4.755s] -- Installing: /home/ofek/grocery_picking_ws/install/snot_robot_description/share/snot_robot_description/meshes/left_front_wheel.STL
[4.756s] -- Installing: /home/ofek/grocery_picking_ws/install/snot_robot_description/share/snot_robot_description/urdf
[4.756s] -- Installing: /home/ofek/grocery_picking_ws/install/snot_robot_description/share/snot_robot_description/urdf/snot_bot_urdf.urdf
[4.757s] -- Installing: /home/ofek/grocery_picking_ws/install/snot_robot_description/share/ament_index/resource_index/package_run_dependencies/snot_robot_description
[4.757s] -- Installing: /home/ofek/grocery_picking_ws/install/snot_robot_description/share/ament_index/resource_index/parent_prefix_path/snot_robot_description
[4.757s] -- Installing: /home/ofek/grocery_picking_ws/install/snot_robot_description/share/snot_robot_description/environment/ament_prefix_path.sh
[4.758s] -- Installing: /home/ofek/grocery_picking_ws/install/snot_robot_description/share/snot_robot_description/environment/ament_prefix_path.dsv
[4.758s] -- Installing: /home/ofek/grocery_picking_ws/install/snot_robot_description/share/snot_robot_description/environment/path.sh
[4.759s] -- Installing: /home/ofek/grocery_picking_ws/install/snot_robot_description/share/snot_robot_description/environment/path.dsv
[4.759s] -- Installing: /home/ofek/grocery_picking_ws/install/snot_robot_description/share/snot_robot_description/local_setup.bash
[4.759s] -- Installing: /home/ofek/grocery_picking_ws/install/snot_robot_description/share/snot_robot_description/local_setup.sh
[4.759s] -- Installing: /home/ofek/grocery_picking_ws/install/snot_robot_description/share/snot_robot_description/local_setup.zsh
[4.760s] -- Installing: /home/ofek/grocery_picking_ws/install/snot_robot_description/share/snot_robot_description/local_setup.dsv
[4.760s] -- Installing: /home/ofek/grocery_picking_ws/install/snot_robot_description/share/snot_robot_description/package.dsv
[4.771s] -- Installing: /home/ofek/grocery_picking_ws/install/snot_robot_description/share/ament_index/resource_index/packages/snot_robot_description
[4.771s] -- Installing: /home/ofek/grocery_picking_ws/install/snot_robot_description/share/snot_robot_description/cmake/snot_robot_descriptionConfig.cmake
[4.772s] -- Installing: /home/ofek/grocery_picking_ws/install/snot_robot_description/share/snot_robot_description/cmake/snot_robot_descriptionConfig-version.cmake
[4.772s] -- Installing: /home/ofek/grocery_picking_ws/install/snot_robot_description/share/snot_robot_description/package.xml
[4.779s] Invoked command in '/home/ofek/grocery_picking_ws/build/snot_robot_description' returned '0': CMAKE_PREFIX_PATH=${CMAKE_PREFIX_PATH}:/opt/ros/foxy:/home/ofek/grocery_picking_ws/install/remote_control /usr/bin/cmake --install /home/ofek/grocery_picking_ws/build/snot_robot_description
