-- The C compiler identification is GNU 9.4.0
-- The CXX compiler identification is GNU 9.4.0
-- Check for working C compiler: /usr/bin/cc
-- Check for working C compiler: /usr/bin/cc -- works
-- Detecting C compiler ABI info
-- Detecting C compiler ABI info - done
-- Detecting C compile features
-- Detecting C compile features - done
-- Check for working CXX compiler: /usr/bin/c++
-- Check for working CXX compiler: /usr/bin/c++ -- works
-- Detecting CXX compiler ABI info
-- Detecting CXX compiler ABI info - done
-- Detecting CXX compile features
-- Detecting CXX compile features - done
-- Found ament_cmake: 0.9.12 (/opt/ros/foxy/share/ament_cmake/cmake)
-- Found PythonInterp: /usr/bin/python3 (found suitable version "3.8.10", minimum required is "3") 
-- Using PYTHON_EXECUTABLE: /usr/bin/python3
-- Found rclcpp: 2.4.3 (/opt/ros/foxy/share/rclcpp/cmake)
-- Using all available rosidl_typesupport_c: rosidl_typesupport_fastrtps_c;rosidl_typesupport_introspection_c
-- Found rosidl_adapter: 1.3.1 (/opt/ros/foxy/share/rosidl_adapter/cmake)
-- Found OpenSSL: /usr/lib/aarch64-linux-gnu/libcrypto.so (found version "1.1.1f")  
-- Found FastRTPS: /opt/ros/foxy/include  
-- Using all available rosidl_typesupport_cpp: rosidl_typesupport_fastrtps_cpp;rosidl_typesupport_introspection_cpp
-- Found rmw_implementation_cmake: 1.0.4 (/opt/ros/foxy/share/rmw_implementation_cmake/cmake)
-- Using RMW implementation 'rmw_fastrtps_cpp' as default
-- Looking for pthread.h
-- Looking for pthread.h - found
-- Performing Test CMAKE_HAVE_LIBC_PTHREAD
-- Performing Test CMAKE_HAVE_LIBC_PTHREAD - Failed
-- Looking for pthread_create in pthreads
-- Looking for pthread_create in pthreads - not found
-- Looking for pthread_create in pthread
-- Looking for pthread_create in pthread - found
-- Found Threads: TRUE  
-- Found sensor_msgs: 2.0.5 (/opt/ros/foxy/share/sensor_msgs/cmake)
-- Found diagnostic_msgs: 2.0.5 (/opt/ros/foxy/share/diagnostic_msgs/cmake)
-- Found std_srvs: 2.0.5 (/opt/ros/foxy/share/std_srvs/cmake)
-- Configuring done
-- Generating done
-- Build files have been written to: /home/ofek/grocery_picking_ws/build/imu_bno055
[35m[1mScanning dependencies of target bno055_i2c_node[0m
[ 25%] [32mBuilding CXX object CMakeFiles/bno055_i2c_node.dir/src/bno055_i2c_driver.cpp.o[0m
[ 50%] [32mBuilding CXX object CMakeFiles/bno055_i2c_node.dir/src/watchdog.cpp.o[0m
[ 75%] [32mBuilding CXX object CMakeFiles/bno055_i2c_node.dir/src/bno055_i2c_node_ros2.cpp.o[0m
[100%] [32m[1mLinking CXX executable bno055_i2c_node[0m
[100%] Built target bno055_i2c_node
-- Install configuration: ""
-- Installing: /home/ofek/grocery_picking_ws/install/imu_bno055/lib/imu_bno055/bno055_i2c_node
-- Set runtime path of "/home/ofek/grocery_picking_ws/install/imu_bno055/lib/imu_bno055/bno055_i2c_node" to ""
-- Installing: /home/ofek/grocery_picking_ws/install/imu_bno055/share/ament_index/resource_index/package_run_dependencies/imu_bno055
-- Installing: /home/ofek/grocery_picking_ws/install/imu_bno055/share/ament_index/resource_index/parent_prefix_path/imu_bno055
-- Installing: /home/ofek/grocery_picking_ws/install/imu_bno055/share/imu_bno055/environment/ament_prefix_path.sh
-- Installing: /home/ofek/grocery_picking_ws/install/imu_bno055/share/imu_bno055/environment/ament_prefix_path.dsv
-- Installing: /home/ofek/grocery_picking_ws/install/imu_bno055/share/imu_bno055/environment/path.sh
-- Installing: /home/ofek/grocery_picking_ws/install/imu_bno055/share/imu_bno055/environment/path.dsv
-- Installing: /home/ofek/grocery_picking_ws/install/imu_bno055/share/imu_bno055/local_setup.bash
-- Installing: /home/ofek/grocery_picking_ws/install/imu_bno055/share/imu_bno055/local_setup.sh
-- Installing: /home/ofek/grocery_picking_ws/install/imu_bno055/share/imu_bno055/local_setup.zsh
-- Installing: /home/ofek/grocery_picking_ws/install/imu_bno055/share/imu_bno055/local_setup.dsv
-- Installing: /home/ofek/grocery_picking_ws/install/imu_bno055/share/imu_bno055/package.dsv
-- Installing: /home/ofek/grocery_picking_ws/install/imu_bno055/share/ament_index/resource_index/packages/imu_bno055
-- Installing: /home/ofek/grocery_picking_ws/install/imu_bno055/share/imu_bno055/cmake/imu_bno055Config.cmake
-- Installing: /home/ofek/grocery_picking_ws/install/imu_bno055/share/imu_bno055/cmake/imu_bno055Config-version.cmake
-- Installing: /home/ofek/grocery_picking_ws/install/imu_bno055/share/imu_bno055/package.xml
