[0.089s] Invoking command in '/home/ofek/grocery_picking_ws/build/imu_bno055': CMAKE_PREFIX_PATH=${CMAKE_PREFIX_PATH}:/opt/ros/foxy:/home/ofek/grocery_picking_ws/install/remote_control /usr/bin/cmake /home/ofek/grocery_picking_ws/src/sensors/ros-imu-bno055 -DCMAKE_INSTALL_PREFIX=/home/ofek/grocery_picking_ws/install/imu_bno055
[0.687s] -- The C compiler identification is GNU 9.4.0
[0.688s] -- The CXX compiler identification is GNU 9.4.0
[0.688s] -- Check for working C compiler: /usr/bin/cc
[0.688s] -- Check for working C compiler: /usr/bin/cc -- works
[0.688s] -- Detecting C compiler ABI info
[0.688s] -- Detecting C compiler ABI info - done
[0.688s] -- Detecting C compile features
[0.689s] -- Detecting C compile features - done
[0.689s] -- Check for working CXX compiler: /usr/bin/c++
[0.874s] -- Check for working CXX compiler: /usr/bin/c++ -- works
[0.878s] -- Detecting CXX compiler ABI info
[1.055s] -- Detecting CXX compiler ABI info - done
[1.074s] -- Detecting CXX compile features
[1.075s] -- Detecting CXX compile features - done
[1.081s] -- Found ament_cmake: 0.9.12 (/opt/ros/foxy/share/ament_cmake/cmake)
[1.140s] -- Found PythonInterp: /usr/bin/python3 (found suitable version "3.8.10", minimum required is "3") 
[1.140s] -- Using PYTHON_EXECUTABLE: /usr/bin/python3
[1.606s] -- Found rclcpp: 2.4.3 (/opt/ros/foxy/share/rclcpp/cmake)
[1.720s] -- Using all available rosidl_typesupport_c: rosidl_typesupport_fastrtps_c;rosidl_typesupport_introspection_c
[1.735s] -- Found rosidl_adapter: 1.3.1 (/opt/ros/foxy/share/rosidl_adapter/cmake)
[1.984s] -- Found OpenSSL: /usr/lib/aarch64-linux-gnu/libcrypto.so (found version "1.1.1f")  
[2.050s] -- Found FastRTPS: /opt/ros/foxy/include  
[2.221s] -- Using all available rosidl_typesupport_cpp: rosidl_typesupport_fastrtps_cpp;rosidl_typesupport_introspection_cpp
[2.341s] -- Found rmw_implementation_cmake: 1.0.4 (/opt/ros/foxy/share/rmw_implementation_cmake/cmake)
[2.341s] -- Using RMW implementation 'rmw_fastrtps_cpp' as default
[2.344s] -- Looking for pthread.h
[2.503s] -- Looking for pthread.h - found
[2.503s] -- Performing Test CMAKE_HAVE_LIBC_PTHREAD
[2.651s] -- Performing Test CMAKE_HAVE_LIBC_PTHREAD - Failed
[2.653s] -- Looking for pthread_create in pthreads
[2.791s] -- Looking for pthread_create in pthreads - not found
[2.792s] -- Looking for pthread_create in pthread
[2.942s] -- Looking for pthread_create in pthread - found
[2.942s] -- Found Threads: TRUE  
[3.234s] -- Found sensor_msgs: 2.0.5 (/opt/ros/foxy/share/sensor_msgs/cmake)
[3.451s] -- Found diagnostic_msgs: 2.0.5 (/opt/ros/foxy/share/diagnostic_msgs/cmake)
[3.516s] -- Found std_srvs: 2.0.5 (/opt/ros/foxy/share/std_srvs/cmake)
[3.666s] -- Configuring done
[3.684s] -- Generating done
[3.687s] -- Build files have been written to: /home/ofek/grocery_picking_ws/build/imu_bno055
[3.710s] Invoked command in '/home/ofek/grocery_picking_ws/build/imu_bno055' returned '0': CMAKE_PREFIX_PATH=${CMAKE_PREFIX_PATH}:/opt/ros/foxy:/home/ofek/grocery_picking_ws/install/remote_control /usr/bin/cmake /home/ofek/grocery_picking_ws/src/sensors/ros-imu-bno055 -DCMAKE_INSTALL_PREFIX=/home/ofek/grocery_picking_ws/install/imu_bno055
[3.719s] Invoking command in '/home/ofek/grocery_picking_ws/build/imu_bno055': CMAKE_PREFIX_PATH=${CMAKE_PREFIX_PATH}:/opt/ros/foxy:/home/ofek/grocery_picking_ws/install/remote_control /usr/bin/cmake --build /home/ofek/grocery_picking_ws/build/imu_bno055 -- -j6 -l6
[3.818s] [35m[1mScanning dependencies of target bno055_i2c_node[0m
[3.903s] [ 25%] [32mBuilding CXX object CMakeFiles/bno055_i2c_node.dir/src/bno055_i2c_driver.cpp.o[0m
[3.905s] [ 50%] [32mBuilding CXX object CMakeFiles/bno055_i2c_node.dir/src/watchdog.cpp.o[0m
[3.915s] [ 75%] [32mBuilding CXX object CMakeFiles/bno055_i2c_node.dir/src/bno055_i2c_node_ros2.cpp.o[0m
[23.227s] [100%] [32m[1mLinking CXX executable bno055_i2c_node[0m
[24.395s] [100%] Built target bno055_i2c_node
[24.460s] Invoked command in '/home/ofek/grocery_picking_ws/build/imu_bno055' returned '0': CMAKE_PREFIX_PATH=${CMAKE_PREFIX_PATH}:/opt/ros/foxy:/home/ofek/grocery_picking_ws/install/remote_control /usr/bin/cmake --build /home/ofek/grocery_picking_ws/build/imu_bno055 -- -j6 -l6
[24.874s] Invoking command in '/home/ofek/grocery_picking_ws/build/imu_bno055': CMAKE_PREFIX_PATH=${CMAKE_PREFIX_PATH}:/opt/ros/foxy:/home/ofek/grocery_picking_ws/install/remote_control /usr/bin/cmake --install /home/ofek/grocery_picking_ws/build/imu_bno055
[24.935s] -- Install configuration: ""
[24.936s] -- Installing: /home/ofek/grocery_picking_ws/install/imu_bno055/lib/imu_bno055/bno055_i2c_node
[24.946s] -- Set runtime path of "/home/ofek/grocery_picking_ws/install/imu_bno055/lib/imu_bno055/bno055_i2c_node" to ""
[24.948s] -- Installing: /home/ofek/grocery_picking_ws/install/imu_bno055/share/ament_index/resource_index/package_run_dependencies/imu_bno055
[24.949s] -- Installing: /home/ofek/grocery_picking_ws/install/imu_bno055/share/ament_index/resource_index/parent_prefix_path/imu_bno055
[24.950s] -- Installing: /home/ofek/grocery_picking_ws/install/imu_bno055/share/imu_bno055/environment/ament_prefix_path.sh
[24.951s] -- Installing: /home/ofek/grocery_picking_ws/install/imu_bno055/share/imu_bno055/environment/ament_prefix_path.dsv
[24.952s] -- Installing: /home/ofek/grocery_picking_ws/install/imu_bno055/share/imu_bno055/environment/path.sh
[24.953s] -- Installing: /home/ofek/grocery_picking_ws/install/imu_bno055/share/imu_bno055/environment/path.dsv
[24.953s] -- Installing: /home/ofek/grocery_picking_ws/install/imu_bno055/share/imu_bno055/local_setup.bash
[24.954s] -- Installing: /home/ofek/grocery_picking_ws/install/imu_bno055/share/imu_bno055/local_setup.sh
[24.963s] -- Installing: /home/ofek/grocery_picking_ws/install/imu_bno055/share/imu_bno055/local_setup.zsh
[24.963s] -- Installing: /home/ofek/grocery_picking_ws/install/imu_bno055/share/imu_bno055/local_setup.dsv
[24.963s] -- Installing: /home/ofek/grocery_picking_ws/install/imu_bno055/share/imu_bno055/package.dsv
[24.964s] -- Installing: /home/ofek/grocery_picking_ws/install/imu_bno055/share/ament_index/resource_index/packages/imu_bno055
[24.964s] -- Installing: /home/ofek/grocery_picking_ws/install/imu_bno055/share/imu_bno055/cmake/imu_bno055Config.cmake
[24.964s] -- Installing: /home/ofek/grocery_picking_ws/install/imu_bno055/share/imu_bno055/cmake/imu_bno055Config-version.cmake
[24.965s] -- Installing: /home/ofek/grocery_picking_ws/install/imu_bno055/share/imu_bno055/package.xml
[24.984s] Invoked command in '/home/ofek/grocery_picking_ws/build/imu_bno055' returned '0': CMAKE_PREFIX_PATH=${CMAKE_PREFIX_PATH}:/opt/ros/foxy:/home/ofek/grocery_picking_ws/install/remote_control /usr/bin/cmake --install /home/ofek/grocery_picking_ws/build/imu_bno055
