[0.078s] Invoking command in '/home/ofek/grocery_picking_ws/build/navigation': CMAKE_PREFIX_PATH=${CMAKE_PREFIX_PATH}:/opt/ros/foxy:/home/ofek/grocery_picking_ws/install/remote_control /usr/bin/cmake /home/ofek/grocery_picking_ws/src/navigation/navigation -DCMAKE_INSTALL_PREFIX=/home/ofek/grocery_picking_ws/install/navigation
[0.653s] -- The C compiler identification is GNU 9.4.0
[0.654s] -- The CXX compiler identification is GNU 9.4.0
[0.654s] -- Check for working C compiler: /usr/bin/cc
[0.654s] -- Check for working C compiler: /usr/bin/cc -- works
[0.654s] -- Detecting C compiler ABI info
[0.654s] -- Detecting C compiler ABI info - done
[0.654s] -- Detecting C compile features
[0.654s] -- Detecting C compile features - done
[0.659s] -- Check for working CXX compiler: /usr/bin/c++
[0.838s] -- Check for working CXX compiler: /usr/bin/c++ -- works
[0.838s] -- Detecting CXX compiler ABI info
[1.019s] -- Detecting CXX compiler ABI info - done
[1.043s] -- Detecting CXX compile features
[1.045s] -- Detecting CXX compile features - done
[1.051s] -- Found ament_cmake: 0.9.12 (/opt/ros/foxy/share/ament_cmake/cmake)
[1.110s] -- Found PythonInterp: /usr/bin/python3 (found suitable version "3.8.10", minimum required is "3") 
[1.111s] -- Using PYTHON_EXECUTABLE: /usr/bin/python3
[1.581s] -- Found ament_lint_auto: 0.9.8 (/opt/ros/foxy/share/ament_lint_auto/cmake)
[1.767s] -- Added test 'copyright' to check source files copyright and LICENSE
[1.772s] -- Added test 'lint_cmake' to check CMake code style
[1.775s] -- Added test 'xmllint' to check XML markup files
[1.781s] -- Configuring done
[1.785s] -- Generating done
[1.787s] -- Build files have been written to: /home/ofek/grocery_picking_ws/build/navigation
[1.797s] Invoked command in '/home/ofek/grocery_picking_ws/build/navigation' returned '0': CMAKE_PREFIX_PATH=${CMAKE_PREFIX_PATH}:/opt/ros/foxy:/home/ofek/grocery_picking_ws/install/remote_control /usr/bin/cmake /home/ofek/grocery_picking_ws/src/navigation/navigation -DCMAKE_INSTALL_PREFIX=/home/ofek/grocery_picking_ws/install/navigation
[1.805s] Invoking command in '/home/ofek/grocery_picking_ws/build/navigation': CMAKE_PREFIX_PATH=${CMAKE_PREFIX_PATH}:/opt/ros/foxy:/home/ofek/grocery_picking_ws/install/remote_control /usr/bin/cmake --build /home/ofek/grocery_picking_ws/build/navigation -- -j6 -l6
[2.300s] Invoked command in '/home/ofek/grocery_picking_ws/build/navigation' returned '0': CMAKE_PREFIX_PATH=${CMAKE_PREFIX_PATH}:/opt/ros/foxy:/home/ofek/grocery_picking_ws/install/remote_control /usr/bin/cmake --build /home/ofek/grocery_picking_ws/build/navigation -- -j6 -l6
[2.388s] Invoking command in '/home/ofek/grocery_picking_ws/build/navigation': CMAKE_PREFIX_PATH=${CMAKE_PREFIX_PATH}:/opt/ros/foxy:/home/ofek/grocery_picking_ws/install/remote_control /usr/bin/cmake --install /home/ofek/grocery_picking_ws/build/navigation
[3.679s] -- Install configuration: ""
[3.680s] -- Installing: /home/ofek/grocery_picking_ws/install/navigation/share/ament_index/resource_index/package_run_dependencies/navigation
[3.680s] -- Installing: /home/ofek/grocery_picking_ws/install/navigation/share/ament_index/resource_index/parent_prefix_path/navigation
[3.680s] -- Installing: /home/ofek/grocery_picking_ws/install/navigation/share/navigation/environment/ament_prefix_path.sh
[3.680s] -- Installing: /home/ofek/grocery_picking_ws/install/navigation/share/navigation/environment/ament_prefix_path.dsv
[3.680s] -- Installing: /home/ofek/grocery_picking_ws/install/navigation/share/navigation/environment/path.sh
[3.680s] -- Installing: /home/ofek/grocery_picking_ws/install/navigation/share/navigation/environment/path.dsv
[3.680s] -- Installing: /home/ofek/grocery_picking_ws/install/navigation/share/navigation/local_setup.bash
[3.680s] -- Installing: /home/ofek/grocery_picking_ws/install/navigation/share/navigation/local_setup.sh
[3.681s] -- Installing: /home/ofek/grocery_picking_ws/install/navigation/share/navigation/local_setup.zsh
[3.681s] -- Installing: /home/ofek/grocery_picking_ws/install/navigation/share/navigation/local_setup.dsv
[3.681s] -- Installing: /home/ofek/grocery_picking_ws/install/navigation/share/navigation/package.dsv
[3.681s] -- Installing: /home/ofek/grocery_picking_ws/install/navigation/share/ament_index/resource_index/packages/navigation
[3.681s] -- Installing: /home/ofek/grocery_picking_ws/install/navigation/share/navigation/cmake/navigationConfig.cmake
[3.681s] -- Installing: /home/ofek/grocery_picking_ws/install/navigation/share/navigation/cmake/navigationConfig-version.cmake
[3.681s] -- Installing: /home/ofek/grocery_picking_ws/install/navigation/share/navigation/package.xml
[3.684s] Invoked command in '/home/ofek/grocery_picking_ws/build/navigation' returned '0': CMAKE_PREFIX_PATH=${CMAKE_PREFIX_PATH}:/opt/ros/foxy:/home/ofek/grocery_picking_ws/install/remote_control /usr/bin/cmake --install /home/ofek/grocery_picking_ws/build/navigation
