In file included from [01m[K/home/ofek/grocery_picking_ws/src/control/low_level_control/src/low_level_bridge.cpp:1[m[K:
[01m[K/home/ofek/grocery_picking_ws/src/control/low_level_control/include/low_level_control/low_level_bridge.hpp:[m[K In constructor ‘[01m[KOdometryProcessor::OdometryProcessor()[m[K’:
[01m[K/home/ofek/grocery_picking_ws/src/control/low_level_control/include/low_level_control/low_level_bridge.hpp:83:9:[m[K [01;35m[Kwarning: [m[K‘[01m[KOdometryProcessor::baud_rate_[m[K’ will be initialized after [[01;35m[K-Wreorder[m[K]
   83 |     int [01;35m[Kbaud_rate_[m[K;
      |         [01;35m[K^~~~~~~~~~[m[K
[01m[K/home/ofek/grocery_picking_ws/src/control/low_level_control/include/low_level_control/low_level_bridge.hpp:76:30:[m[K [01;35m[Kwarning: [m[K  ‘[01m[Knav_msgs::msg::Odometry* OdometryProcessor::latest_odom_[m[K’ [[01;35m[K-Wreorder[m[K]
   76 |     nav_msgs::msg::Odometry* [01;35m[Klatest_odom_[m[K;  // Use a pointer to store the latest odometry message
      |                              [01;35m[K^~~~~~~~~~~~[m[K
[01m[K/home/ofek/grocery_picking_ws/src/control/low_level_control/src/low_level_bridge.cpp:26:1:[m[K [01;35m[Kwarning: [m[K  when initialized here [[01;35m[K-Wreorder[m[K]
   26 | [01;35m[KOdometryProcessor[m[K::OdometryProcessor()
      | [01;35m[K^~~~~~~~~~~~~~~~~[m[K
In file included from [01m[K/home/ofek/grocery_picking_ws/src/control/low_level_control/src/low_level_bridge.cpp:1[m[K:
[01m[K/home/ofek/grocery_picking_ws/src/control/low_level_control/include/low_level_control/low_level_bridge.hpp:87:18:[m[K [01;35m[Kwarning: [m[K‘[01m[KOdometryProcessor::last_odom_feedback_time_[m[K’ will be initialized after [[01;35m[K-Wreorder[m[K]
   87 |     rclcpp::Time [01;35m[Klast_odom_feedback_time_[m[K;  // Track last odometry feedback time
      |                  [01;35m[K^~~~~~~~~~~~~~~~~~~~~~~~[m[K
[01m[K/home/ofek/grocery_picking_ws/src/control/low_level_control/include/low_level_control/low_level_bridge.hpp:86:25:[m[K [01;35m[Kwarning: [m[K  ‘[01m[Kstd::atomic<long unsigned int> OdometryProcessor::queue_size_[m[K’ [[01;35m[K-Wreorder[m[K]
   86 |     std::atomic<size_t> [01;35m[Kqueue_size_[m[K;  // Track the size of the queue
      |                         [01;35m[K^~~~~~~~~~~[m[K
[01m[K/home/ofek/grocery_picking_ws/src/control/low_level_control/src/low_level_bridge.cpp:26:1:[m[K [01;35m[Kwarning: [m[K  when initialized here [[01;35m[K-Wreorder[m[K]
   26 | [01;35m[KOdometryProcessor[m[K::OdometryProcessor()
      | [01;35m[K^~~~~~~~~~~~~~~~~[m[K
