[0.077s] Invoking command in '/home/ofek/grocery_picking_ws/build/low_level_control': CMAKE_PREFIX_PATH=${CMAKE_PREFIX_PATH}:/opt/ros/foxy:/home/ofek/grocery_picking_ws/install/remote_control /usr/bin/cmake /home/ofek/grocery_picking_ws/src/control/low_level_control -DCMAKE_INSTALL_PREFIX=/home/ofek/grocery_picking_ws/install/low_level_control
[0.670s] -- The C compiler identification is GNU 9.4.0
[0.671s] -- The CXX compiler identification is GNU 9.4.0
[0.671s] -- Check for working C compiler: /usr/bin/cc
[0.672s] -- Check for working C compiler: /usr/bin/cc -- works
[0.673s] -- Detecting C compiler ABI info
[0.673s] -- Detecting C compiler ABI info - done
[0.674s] -- Detecting C compile features
[0.674s] -- Detecting C compile features - done
[0.674s] -- Check for working CXX compiler: /usr/bin/c++
[0.818s] -- Check for working CXX compiler: /usr/bin/c++ -- works
[0.821s] -- Detecting CXX compiler ABI info
[1.001s] -- Detecting CXX compiler ABI info - done
[1.022s] -- Detecting CXX compile features
[1.023s] -- Detecting CXX compile features - done
[1.029s] -- Found ament_cmake: 0.9.12 (/opt/ros/foxy/share/ament_cmake/cmake)
[1.086s] -- Found PythonInterp: /usr/bin/python3 (found suitable version "3.8.10", minimum required is "3") 
[1.086s] -- Using PYTHON_EXECUTABLE: /usr/bin/python3
[1.564s] -- Found rclcpp: 2.4.3 (/opt/ros/foxy/share/rclcpp/cmake)
[1.664s] -- Using all available rosidl_typesupport_c: rosidl_typesupport_fastrtps_c;rosidl_typesupport_introspection_c
[1.680s] -- Found rosidl_adapter: 1.3.1 (/opt/ros/foxy/share/rosidl_adapter/cmake)
[1.916s] -- Found OpenSSL: /usr/lib/aarch64-linux-gnu/libcrypto.so (found version "1.1.1f")  
[1.984s] -- Found FastRTPS: /opt/ros/foxy/include  
[2.156s] -- Using all available rosidl_typesupport_cpp: rosidl_typesupport_fastrtps_cpp;rosidl_typesupport_introspection_cpp
[2.270s] -- Found rmw_implementation_cmake: 1.0.4 (/opt/ros/foxy/share/rmw_implementation_cmake/cmake)
[2.274s] -- Using RMW implementation 'rmw_fastrtps_cpp' as default
[2.277s] -- Looking for pthread.h
[2.464s] -- Looking for pthread.h - found
[2.466s] -- Performing Test CMAKE_HAVE_LIBC_PTHREAD
[2.619s] -- Performing Test CMAKE_HAVE_LIBC_PTHREAD - Failed
[2.619s] -- Looking for pthread_create in pthreads
[2.750s] -- Looking for pthread_create in pthreads - not found
[2.750s] -- Looking for pthread_create in pthread
[2.910s] -- Looking for pthread_create in pthread - found
[2.910s] -- Found Threads: TRUE  
[3.196s] -- Found sensor_msgs: 2.0.5 (/opt/ros/foxy/share/sensor_msgs/cmake)
[3.410s] -- Found nav_msgs: 2.0.5 (/opt/ros/foxy/share/nav_msgs/cmake)
[3.541s] -- Found tf2: 0.13.14 (/opt/ros/foxy/share/tf2/cmake)
[3.563s] -- Found tf2_ros: 0.13.14 (/opt/ros/foxy/share/tf2_ros/cmake)
[4.246s] -- Found tf2_geometry_msgs: 0.13.14 (/opt/ros/foxy/share/tf2_geometry_msgs/cmake)
[4.264s] -- Found eigen3_cmake_module: 0.1.1 (/opt/ros/foxy/share/eigen3_cmake_module/cmake)
[4.272s] -- Found Eigen3: TRUE (found version "3.3.7") 
[4.359s] -- Found Boost: /usr/lib/aarch64-linux-gnu/cmake/Boost-1.71.0/BoostConfig.cmake (found version "1.71.0") found components: thread chrono system 
[4.370s] -- Found ament_lint_auto: 0.9.8 (/opt/ros/foxy/share/ament_lint_auto/cmake)
[4.544s] -- Added test 'copyright' to check source files copyright and LICENSE
[4.547s] -- Added test 'cppcheck' to perform static code analysis on C / C++ code
[4.548s] -- Configured cppcheck include dirs: /home/ofek/grocery_picking_ws/src/control/low_level_control/include
[4.548s] -- Configured cppcheck exclude dirs and/or files: 
[4.563s] -- Added test 'cpplint' to check C / C++ code against the Google style
[4.563s] -- Configured cpplint exclude dirs and/or files: 
[4.565s] -- Added test 'lint_cmake' to check CMake code style
[4.568s] -- Added test 'uncrustify' to check C / C++ code style
[4.568s] -- Configured uncrustify additional arguments: 
[4.569s] -- Added test 'xmllint' to check XML markup files
[4.580s] -- Configuring done
[4.609s] -- Generating done
[4.614s] -- Build files have been written to: /home/ofek/grocery_picking_ws/build/low_level_control
[4.653s] Invoked command in '/home/ofek/grocery_picking_ws/build/low_level_control' returned '0': CMAKE_PREFIX_PATH=${CMAKE_PREFIX_PATH}:/opt/ros/foxy:/home/ofek/grocery_picking_ws/install/remote_control /usr/bin/cmake /home/ofek/grocery_picking_ws/src/control/low_level_control -DCMAKE_INSTALL_PREFIX=/home/ofek/grocery_picking_ws/install/low_level_control
[4.655s] Invoking command in '/home/ofek/grocery_picking_ws/build/low_level_control': CMAKE_PREFIX_PATH=${CMAKE_PREFIX_PATH}:/opt/ros/foxy:/home/ofek/grocery_picking_ws/install/remote_control /usr/bin/cmake --build /home/ofek/grocery_picking_ws/build/low_level_control -- -j6 -l6
[5.331s] [35m[1mScanning dependencies of target low_level_bridge[0m
[5.332s] [ 50%] [32mBuilding CXX object CMakeFiles/low_level_bridge.dir/src/low_level_bridge.cpp.o[0m
[17.902s] In file included from [01m[K/home/ofek/grocery_picking_ws/src/control/low_level_control/src/low_level_bridge.cpp:1[m[K:
[17.903s] [01m[K/home/ofek/grocery_picking_ws/src/control/low_level_control/include/low_level_control/low_level_bridge.hpp:[m[K In constructor ‘[01m[KOdometryProcessor::OdometryProcessor()[m[K’:
[17.903s] [01m[K/home/ofek/grocery_picking_ws/src/control/low_level_control/include/low_level_control/low_level_bridge.hpp:83:9:[m[K [01;35m[Kwarning: [m[K‘[01m[KOdometryProcessor::baud_rate_[m[K’ will be initialized after [[01;35m[K-Wreorder[m[K]
[17.903s]    83 |     int [01;35m[Kbaud_rate_[m[K;
[17.904s]       |         [01;35m[K^~~~~~~~~~[m[K
[17.904s] [01m[K/home/ofek/grocery_picking_ws/src/control/low_level_control/include/low_level_control/low_level_bridge.hpp:76:30:[m[K [01;35m[Kwarning: [m[K  ‘[01m[Knav_msgs::msg::Odometry* OdometryProcessor::latest_odom_[m[K’ [[01;35m[K-Wreorder[m[K]
[17.904s]    76 |     nav_msgs::msg::Odometry* [01;35m[Klatest_odom_[m[K;  // Use a pointer to store the latest odometry message
[17.904s]       |                              [01;35m[K^~~~~~~~~~~~[m[K
[17.904s] [01m[K/home/ofek/grocery_picking_ws/src/control/low_level_control/src/low_level_bridge.cpp:26:1:[m[K [01;35m[Kwarning: [m[K  when initialized here [[01;35m[K-Wreorder[m[K]
[17.905s]    26 | [01;35m[KOdometryProcessor[m[K::OdometryProcessor()
[17.905s]       | [01;35m[K^~~~~~~~~~~~~~~~~[m[K
[17.905s] In file included from [01m[K/home/ofek/grocery_picking_ws/src/control/low_level_control/src/low_level_bridge.cpp:1[m[K:
[17.905s] [01m[K/home/ofek/grocery_picking_ws/src/control/low_level_control/include/low_level_control/low_level_bridge.hpp:87:18:[m[K [01;35m[Kwarning: [m[K‘[01m[KOdometryProcessor::last_odom_feedback_time_[m[K’ will be initialized after [[01;35m[K-Wreorder[m[K]
[17.905s]    87 |     rclcpp::Time [01;35m[Klast_odom_feedback_time_[m[K;  // Track last odometry feedback time
[17.905s]       |                  [01;35m[K^~~~~~~~~~~~~~~~~~~~~~~~[m[K
[17.905s] [01m[K/home/ofek/grocery_picking_ws/src/control/low_level_control/include/low_level_control/low_level_bridge.hpp:86:25:[m[K [01;35m[Kwarning: [m[K  ‘[01m[Kstd::atomic<long unsigned int> OdometryProcessor::queue_size_[m[K’ [[01;35m[K-Wreorder[m[K]
[17.905s]    86 |     std::atomic<size_t> [01;35m[Kqueue_size_[m[K;  // Track the size of the queue
[17.906s]       |                         [01;35m[K^~~~~~~~~~~[m[K
[17.906s] [01m[K/home/ofek/grocery_picking_ws/src/control/low_level_control/src/low_level_bridge.cpp:26:1:[m[K [01;35m[Kwarning: [m[K  when initialized here [[01;35m[K-Wreorder[m[K]
[17.906s]    26 | [01;35m[KOdometryProcessor[m[K::OdometryProcessor()
[17.906s]       | [01;35m[K^~~~~~~~~~~~~~~~~[m[K
[39.353s] [100%] [32m[1mLinking CXX executable low_level_bridge[0m
[40.264s] [100%] Built target low_level_bridge
[40.290s] Invoked command in '/home/ofek/grocery_picking_ws/build/low_level_control' returned '0': CMAKE_PREFIX_PATH=${CMAKE_PREFIX_PATH}:/opt/ros/foxy:/home/ofek/grocery_picking_ws/install/remote_control /usr/bin/cmake --build /home/ofek/grocery_picking_ws/build/low_level_control -- -j6 -l6
[40.348s] Invoking command in '/home/ofek/grocery_picking_ws/build/low_level_control': CMAKE_PREFIX_PATH=${CMAKE_PREFIX_PATH}:/opt/ros/foxy:/home/ofek/grocery_picking_ws/install/remote_control /usr/bin/cmake --install /home/ofek/grocery_picking_ws/build/low_level_control
[40.369s] -- Install configuration: ""
[40.369s] -- Installing: /home/ofek/grocery_picking_ws/install/low_level_control/lib/low_level_control/low_level_bridge
[40.376s] -- Set runtime path of "/home/ofek/grocery_picking_ws/install/low_level_control/lib/low_level_control/low_level_bridge" to ""
[40.376s] -- Installing: /home/ofek/grocery_picking_ws/install/low_level_control/share/ament_index/resource_index/package_run_dependencies/low_level_control
[40.377s] -- Installing: /home/ofek/grocery_picking_ws/install/low_level_control/share/ament_index/resource_index/parent_prefix_path/low_level_control
[40.377s] -- Installing: /home/ofek/grocery_picking_ws/install/low_level_control/share/low_level_control/environment/ament_prefix_path.sh
[40.377s] -- Installing: /home/ofek/grocery_picking_ws/install/low_level_control/share/low_level_control/environment/ament_prefix_path.dsv
[40.378s] -- Installing: /home/ofek/grocery_picking_ws/install/low_level_control/share/low_level_control/environment/path.sh
[40.378s] -- Installing: /home/ofek/grocery_picking_ws/install/low_level_control/share/low_level_control/environment/path.dsv
[40.378s] -- Installing: /home/ofek/grocery_picking_ws/install/low_level_control/share/low_level_control/local_setup.bash
[40.379s] -- Installing: /home/ofek/grocery_picking_ws/install/low_level_control/share/low_level_control/local_setup.sh
[40.379s] -- Installing: /home/ofek/grocery_picking_ws/install/low_level_control/share/low_level_control/local_setup.zsh
[40.379s] -- Installing: /home/ofek/grocery_picking_ws/install/low_level_control/share/low_level_control/local_setup.dsv
[40.379s] -- Installing: /home/ofek/grocery_picking_ws/install/low_level_control/share/low_level_control/package.dsv
[40.380s] -- Installing: /home/ofek/grocery_picking_ws/install/low_level_control/share/ament_index/resource_index/packages/low_level_control
[40.380s] -- Installing: /home/ofek/grocery_picking_ws/install/low_level_control/share/low_level_control/cmake/low_level_controlConfig.cmake
[40.380s] -- Installing: /home/ofek/grocery_picking_ws/install/low_level_control/share/low_level_control/cmake/low_level_controlConfig-version.cmake
[40.381s] -- Installing: /home/ofek/grocery_picking_ws/install/low_level_control/share/low_level_control/package.xml
[40.387s] Invoked command in '/home/ofek/grocery_picking_ws/build/low_level_control' returned '0': CMAKE_PREFIX_PATH=${CMAKE_PREFIX_PATH}:/opt/ros/foxy:/home/ofek/grocery_picking_ws/install/remote_control /usr/bin/cmake --install /home/ofek/grocery_picking_ws/build/low_level_control
