[0.613s] Invoking command in '/home/ofek/grocery_picking_ws/build/rf2o_laser_odometry': CMAKE_PREFIX_PATH=${CMAKE_PREFIX_PATH}:/opt/ros/foxy:/home/ofek/grocery_picking_ws/install/remote_control /usr/bin/cmake /home/ofek/grocery_picking_ws/src/localization/rf2o_laser_odometry -DCMAKE_INSTALL_PREFIX=/home/ofek/grocery_picking_ws/install/rf2o_laser_odometry
[0.746s] -- The C compiler identification is GNU 9.4.0
[0.877s] -- The CXX compiler identification is GNU 9.4.0
[0.890s] -- Check for working C compiler: /usr/bin/cc
[1.055s] -- Check for working C compiler: /usr/bin/cc -- works
[1.057s] -- Detecting C compiler ABI info
[1.239s] -- Detecting C compiler ABI info - done
[1.263s] -- Detecting C compile features
[1.264s] -- Detecting C compile features - done
[1.270s] -- Check for working CXX compiler: /usr/bin/c++
[1.445s] -- Check for working CXX compiler: /usr/bin/c++ -- works
[1.449s] -- Detecting CXX compiler ABI info
[1.646s] -- Detecting CXX compiler ABI info - done
[1.668s] -- Detecting CXX compile features
[1.668s] -- Detecting CXX compile features - done
[1.676s] -- Found ament_cmake: 0.9.12 (/opt/ros/foxy/share/ament_cmake/cmake)
[1.738s] -- Found PythonInterp: /usr/bin/python3 (found suitable version "3.8.10", minimum required is "3") 
[1.738s] -- Using PYTHON_EXECUTABLE: /usr/bin/python3
[2.197s] -- Found rclcpp: 2.4.3 (/opt/ros/foxy/share/rclcpp/cmake)
[2.294s] -- Using all available rosidl_typesupport_c: rosidl_typesupport_fastrtps_c;rosidl_typesupport_introspection_c
[2.308s] -- Found rosidl_adapter: 1.3.1 (/opt/ros/foxy/share/rosidl_adapter/cmake)
[2.527s] -- Found OpenSSL: /usr/lib/aarch64-linux-gnu/libcrypto.so (found version "1.1.1f")  
[2.595s] -- Found FastRTPS: /opt/ros/foxy/include  
[2.772s] -- Using all available rosidl_typesupport_cpp: rosidl_typesupport_fastrtps_cpp;rosidl_typesupport_introspection_cpp
[2.890s] -- Found rmw_implementation_cmake: 1.0.4 (/opt/ros/foxy/share/rmw_implementation_cmake/cmake)
[2.894s] -- Using RMW implementation 'rmw_fastrtps_cpp' as default
[2.896s] -- Looking for pthread.h
[3.044s] -- Looking for pthread.h - found
[3.045s] -- Performing Test CMAKE_HAVE_LIBC_PTHREAD
[3.193s] -- Performing Test CMAKE_HAVE_LIBC_PTHREAD - Failed
[3.193s] -- Looking for pthread_create in pthreads
[3.317s] -- Looking for pthread_create in pthreads - not found
[3.318s] -- Looking for pthread_create in pthread
[3.459s] -- Looking for pthread_create in pthread - found
[3.460s] -- Found Threads: TRUE  
[3.756s] -- Found geometry_msgs: 2.0.5 (/opt/ros/foxy/share/geometry_msgs/cmake)
[3.821s] -- Found tf2_geometry_msgs: 0.13.14 (/opt/ros/foxy/share/tf2_geometry_msgs/cmake)
[3.842s] -- Found eigen3_cmake_module: 0.1.1 (/opt/ros/foxy/share/eigen3_cmake_module/cmake)
[3.844s] -- Found Eigen3: TRUE (found version "3.3.7") 
[4.831s] -- Found sensor_msgs: 2.0.5 (/opt/ros/foxy/share/sensor_msgs/cmake)
[4.994s] -- Found nav_msgs: 2.0.5 (/opt/ros/foxy/share/nav_msgs/cmake)
[5.166s] -- Found Boost: /usr/lib/aarch64-linux-gnu/cmake/Boost-1.71.0/BoostConfig.cmake (found version "1.71.0")  
[5.340s] -- Configuring done
[5.379s] -- Generating done
[5.384s] -- Build files have been written to: /home/ofek/grocery_picking_ws/build/rf2o_laser_odometry
[5.417s] Invoked command in '/home/ofek/grocery_picking_ws/build/rf2o_laser_odometry' returned '0': CMAKE_PREFIX_PATH=${CMAKE_PREFIX_PATH}:/opt/ros/foxy:/home/ofek/grocery_picking_ws/install/remote_control /usr/bin/cmake /home/ofek/grocery_picking_ws/src/localization/rf2o_laser_odometry -DCMAKE_INSTALL_PREFIX=/home/ofek/grocery_picking_ws/install/rf2o_laser_odometry
[5.421s] Invoking command in '/home/ofek/grocery_picking_ws/build/rf2o_laser_odometry': CMAKE_PREFIX_PATH=${CMAKE_PREFIX_PATH}:/opt/ros/foxy:/home/ofek/grocery_picking_ws/install/remote_control /usr/bin/cmake --build /home/ofek/grocery_picking_ws/build/rf2o_laser_odometry -- -j6 -l6
[5.541s] [35m[1mScanning dependencies of target rf2o_laser_odometry[0m
[5.561s] [35m[1mScanning dependencies of target rf2o_laser_odometry_node[0m
[5.686s] [ 20%] [32mBuilding CXX object CMakeFiles/rf2o_laser_odometry.dir/src/CLaserOdometry2D.cpp.o[0m
[5.738s] [ 40%] [32mBuilding CXX object CMakeFiles/rf2o_laser_odometry_node.dir/src/CLaserOdometry2DNode.cpp.o[0m
[5.745s] [ 60%] [32mBuilding CXX object CMakeFiles/rf2o_laser_odometry_node.dir/src/CLaserOdometry2D.cpp.o[0m
[55.066s] [ 80%] [32m[1mLinking CXX static library librf2o_laser_odometry.a[0m
[55.397s] [ 80%] Built target rf2o_laser_odometry
[55.696s] [100%] [32m[1mLinking CXX executable rf2o_laser_odometry_node[0m
[57.643s] [100%] Built target rf2o_laser_odometry_node
[57.671s] Invoked command in '/home/ofek/grocery_picking_ws/build/rf2o_laser_odometry' returned '0': CMAKE_PREFIX_PATH=${CMAKE_PREFIX_PATH}:/opt/ros/foxy:/home/ofek/grocery_picking_ws/install/remote_control /usr/bin/cmake --build /home/ofek/grocery_picking_ws/build/rf2o_laser_odometry -- -j6 -l6
[57.729s] Invoking command in '/home/ofek/grocery_picking_ws/build/rf2o_laser_odometry': CMAKE_PREFIX_PATH=${CMAKE_PREFIX_PATH}:/opt/ros/foxy:/home/ofek/grocery_picking_ws/install/remote_control /usr/bin/cmake --install /home/ofek/grocery_picking_ws/build/rf2o_laser_odometry
[57.750s] -- Install configuration: ""
[57.750s] -- Installing: /home/ofek/grocery_picking_ws/install/rf2o_laser_odometry/lib/rf2o_laser_odometry/rf2o_laser_odometry_node
[57.765s] -- Set runtime path of "/home/ofek/grocery_picking_ws/install/rf2o_laser_odometry/lib/rf2o_laser_odometry/rf2o_laser_odometry_node" to ""
[57.765s] -- Installing: /home/ofek/grocery_picking_ws/install/rf2o_laser_odometry/share/rf2o_laser_odometry/launch
[57.766s] -- Installing: /home/ofek/grocery_picking_ws/install/rf2o_laser_odometry/share/rf2o_laser_odometry/launch/rf2o_laser_odometry.launch.py
[57.766s] -- Installing: /home/ofek/grocery_picking_ws/install/rf2o_laser_odometry/share/ament_index/resource_index/package_run_dependencies/rf2o_laser_odometry
[57.766s] -- Installing: /home/ofek/grocery_picking_ws/install/rf2o_laser_odometry/share/ament_index/resource_index/parent_prefix_path/rf2o_laser_odometry
[57.767s] -- Installing: /home/ofek/grocery_picking_ws/install/rf2o_laser_odometry/share/rf2o_laser_odometry/environment/ament_prefix_path.sh
[57.767s] -- Installing: /home/ofek/grocery_picking_ws/install/rf2o_laser_odometry/share/rf2o_laser_odometry/environment/ament_prefix_path.dsv
[57.767s] -- Installing: /home/ofek/grocery_picking_ws/install/rf2o_laser_odometry/share/rf2o_laser_odometry/environment/path.sh
[57.768s] -- Installing: /home/ofek/grocery_picking_ws/install/rf2o_laser_odometry/share/rf2o_laser_odometry/environment/path.dsv
[57.768s] -- Installing: /home/ofek/grocery_picking_ws/install/rf2o_laser_odometry/share/rf2o_laser_odometry/local_setup.bash
[57.768s] -- Installing: /home/ofek/grocery_picking_ws/install/rf2o_laser_odometry/share/rf2o_laser_odometry/local_setup.sh
[57.769s] -- Installing: /home/ofek/grocery_picking_ws/install/rf2o_laser_odometry/share/rf2o_laser_odometry/local_setup.zsh
[57.769s] -- Installing: /home/ofek/grocery_picking_ws/install/rf2o_laser_odometry/share/rf2o_laser_odometry/local_setup.dsv
[57.769s] -- Installing: /home/ofek/grocery_picking_ws/install/rf2o_laser_odometry/share/rf2o_laser_odometry/package.dsv
[57.769s] -- Installing: /home/ofek/grocery_picking_ws/install/rf2o_laser_odometry/share/ament_index/resource_index/packages/rf2o_laser_odometry
[57.770s] -- Installing: /home/ofek/grocery_picking_ws/install/rf2o_laser_odometry/share/rf2o_laser_odometry/cmake/rf2o_laser_odometryConfig.cmake
[57.770s] -- Installing: /home/ofek/grocery_picking_ws/install/rf2o_laser_odometry/share/rf2o_laser_odometry/cmake/rf2o_laser_odometryConfig-version.cmake
[57.770s] -- Installing: /home/ofek/grocery_picking_ws/install/rf2o_laser_odometry/share/rf2o_laser_odometry/package.xml
[57.777s] Invoked command in '/home/ofek/grocery_picking_ws/build/rf2o_laser_odometry' returned '0': CMAKE_PREFIX_PATH=${CMAKE_PREFIX_PATH}:/opt/ros/foxy:/home/ofek/grocery_picking_ws/install/remote_control /usr/bin/cmake --install /home/ofek/grocery_picking_ws/build/rf2o_laser_odometry
