[0.092s] Invoking command in '/home/ofek/grocery_picking_ws/build/imu_bno055': CMAKE_PREFIX_PATH=${CMAKE_PREFIX_PATH}:/opt/ros/foxy:/home/ofek/grocery_picking_ws/install/remote_control /usr/bin/cmake /home/ofek/grocery_picking_ws/src/sensors/ros-imu-bno055 -DCMAKE_INSTALL_PREFIX=/home/ofek/grocery_picking_ws/install/imu_bno055
[0.687s] -- The C compiler identification is GNU 9.4.0
[0.687s] -- The CXX compiler identification is GNU 9.4.0
[0.687s] -- Check for working C compiler: /usr/bin/cc
[0.687s] -- Check for working C compiler: /usr/bin/cc -- works
[0.687s] -- Detecting C compiler ABI info
[0.687s] -- Detecting C compiler ABI info - done
[0.688s] -- Detecting C compile features
[0.688s] -- Detecting C compile features - done
[0.688s] -- Check for working CXX compiler: /usr/bin/c++
[0.879s] -- Check for working CXX compiler: /usr/bin/c++ -- works
[0.881s] -- Detecting CXX compiler ABI info
[1.103s] -- Detecting CXX compiler ABI info - done
[1.132s] -- Detecting CXX compile features
[1.133s] -- Detecting CXX compile features - done
[1.140s] -- Found ament_cmake: 0.9.12 (/opt/ros/foxy/share/ament_cmake/cmake)
[1.197s] -- Found PythonInterp: /usr/bin/python3 (found suitable version "3.8.10", minimum required is "3") 
[1.197s] -- Using PYTHON_EXECUTABLE: /usr/bin/python3
[1.680s] -- Found rclcpp: 2.4.3 (/opt/ros/foxy/share/rclcpp/cmake)
[1.784s] -- Using all available rosidl_typesupport_c: rosidl_typesupport_fastrtps_c;rosidl_typesupport_introspection_c
[1.801s] -- Found rosidl_adapter: 1.3.1 (/opt/ros/foxy/share/rosidl_adapter/cmake)
[2.048s] -- Found OpenSSL: /usr/lib/aarch64-linux-gnu/libcrypto.so (found version "1.1.1f")  
[2.112s] -- Found FastRTPS: /opt/ros/foxy/include  
[2.280s] -- Using all available rosidl_typesupport_cpp: rosidl_typesupport_fastrtps_cpp;rosidl_typesupport_introspection_cpp
[2.394s] -- Found rmw_implementation_cmake: 1.0.4 (/opt/ros/foxy/share/rmw_implementation_cmake/cmake)
[2.398s] -- Using RMW implementation 'rmw_fastrtps_cpp' as default
[2.401s] -- Looking for pthread.h
[2.583s] -- Looking for pthread.h - found
[2.587s] -- Performing Test CMAKE_HAVE_LIBC_PTHREAD
[2.735s] -- Performing Test CMAKE_HAVE_LIBC_PTHREAD - Failed
[2.735s] -- Looking for pthread_create in pthreads
[2.856s] -- Looking for pthread_create in pthreads - not found
[2.857s] -- Looking for pthread_create in pthread
[3.002s] -- Looking for pthread_create in pthread - found
[3.004s] -- Found Threads: TRUE  
[3.294s] -- Found sensor_msgs: 2.0.5 (/opt/ros/foxy/share/sensor_msgs/cmake)
[3.505s] -- Found diagnostic_msgs: 2.0.5 (/opt/ros/foxy/share/diagnostic_msgs/cmake)
[3.568s] -- Found std_srvs: 2.0.5 (/opt/ros/foxy/share/std_srvs/cmake)
[3.724s] -- Configuring done
[3.742s] -- Generating done
[3.745s] -- Build files have been written to: /home/ofek/grocery_picking_ws/build/imu_bno055
[3.781s] Invoked command in '/home/ofek/grocery_picking_ws/build/imu_bno055' returned '0': CMAKE_PREFIX_PATH=${CMAKE_PREFIX_PATH}:/opt/ros/foxy:/home/ofek/grocery_picking_ws/install/remote_control /usr/bin/cmake /home/ofek/grocery_picking_ws/src/sensors/ros-imu-bno055 -DCMAKE_INSTALL_PREFIX=/home/ofek/grocery_picking_ws/install/imu_bno055
[3.782s] Invoking command in '/home/ofek/grocery_picking_ws/build/imu_bno055': CMAKE_PREFIX_PATH=${CMAKE_PREFIX_PATH}:/opt/ros/foxy:/home/ofek/grocery_picking_ws/install/remote_control /usr/bin/cmake --build /home/ofek/grocery_picking_ws/build/imu_bno055 -- -j6 -l6
[3.871s] [35m[1mScanning dependencies of target bno055_i2c_node[0m
[3.958s] [ 25%] [32mBuilding CXX object CMakeFiles/bno055_i2c_node.dir/src/bno055_i2c_driver.cpp.o[0m
[3.960s] [ 50%] [32mBuilding CXX object CMakeFiles/bno055_i2c_node.dir/src/bno055_i2c_node_ros2.cpp.o[0m
[3.979s] [ 75%] [32mBuilding CXX object CMakeFiles/bno055_i2c_node.dir/src/watchdog.cpp.o[0m
[23.530s] [100%] [32m[1mLinking CXX executable bno055_i2c_node[0m
[24.728s] [100%] Built target bno055_i2c_node
[24.796s] Invoked command in '/home/ofek/grocery_picking_ws/build/imu_bno055' returned '0': CMAKE_PREFIX_PATH=${CMAKE_PREFIX_PATH}:/opt/ros/foxy:/home/ofek/grocery_picking_ws/install/remote_control /usr/bin/cmake --build /home/ofek/grocery_picking_ws/build/imu_bno055 -- -j6 -l6
[25.213s] Invoking command in '/home/ofek/grocery_picking_ws/build/imu_bno055': CMAKE_PREFIX_PATH=${CMAKE_PREFIX_PATH}:/opt/ros/foxy:/home/ofek/grocery_picking_ws/install/remote_control /usr/bin/cmake --install /home/ofek/grocery_picking_ws/build/imu_bno055
[25.271s] -- Install configuration: ""
[25.271s] -- Installing: /home/ofek/grocery_picking_ws/install/imu_bno055/lib/imu_bno055/bno055_i2c_node
[25.275s] -- Set runtime path of "/home/ofek/grocery_picking_ws/install/imu_bno055/lib/imu_bno055/bno055_i2c_node" to ""
[25.275s] -- Installing: /home/ofek/grocery_picking_ws/install/imu_bno055/share/ament_index/resource_index/package_run_dependencies/imu_bno055
[25.276s] -- Installing: /home/ofek/grocery_picking_ws/install/imu_bno055/share/ament_index/resource_index/parent_prefix_path/imu_bno055
[25.276s] -- Installing: /home/ofek/grocery_picking_ws/install/imu_bno055/share/imu_bno055/environment/ament_prefix_path.sh
[25.276s] -- Installing: /home/ofek/grocery_picking_ws/install/imu_bno055/share/imu_bno055/environment/ament_prefix_path.dsv
[25.277s] -- Installing: /home/ofek/grocery_picking_ws/install/imu_bno055/share/imu_bno055/environment/path.sh
[25.277s] -- Installing: /home/ofek/grocery_picking_ws/install/imu_bno055/share/imu_bno055/environment/path.dsv
[25.280s] -- Installing: /home/ofek/grocery_picking_ws/install/imu_bno055/share/imu_bno055/local_setup.bash
[25.281s] -- Installing: /home/ofek/grocery_picking_ws/install/imu_bno055/share/imu_bno055/local_setup.sh
[25.281s] -- Installing: /home/ofek/grocery_picking_ws/install/imu_bno055/share/imu_bno055/local_setup.zsh
[25.281s] -- Installing: /home/ofek/grocery_picking_ws/install/imu_bno055/share/imu_bno055/local_setup.dsv
[25.282s] -- Installing: /home/ofek/grocery_picking_ws/install/imu_bno055/share/imu_bno055/package.dsv
[25.282s] -- Installing: /home/ofek/grocery_picking_ws/install/imu_bno055/share/ament_index/resource_index/packages/imu_bno055
[25.283s] -- Installing: /home/ofek/grocery_picking_ws/install/imu_bno055/share/imu_bno055/cmake/imu_bno055Config.cmake
[25.287s] -- Installing: /home/ofek/grocery_picking_ws/install/imu_bno055/share/imu_bno055/cmake/imu_bno055Config-version.cmake
[25.288s] -- Installing: /home/ofek/grocery_picking_ws/install/imu_bno055/share/imu_bno055/package.xml
[25.300s] Invoked command in '/home/ofek/grocery_picking_ws/build/imu_bno055' returned '0': CMAKE_PREFIX_PATH=${CMAKE_PREFIX_PATH}:/opt/ros/foxy:/home/ofek/grocery_picking_ws/install/remote_control /usr/bin/cmake --install /home/ofek/grocery_picking_ws/build/imu_bno055
