[0.041s] Invoking command in '/home/ofek/grocery_picking_ws/build/slam': CMAKE_PREFIX_PATH=${CMAKE_PREFIX_PATH}:/opt/ros/foxy:/home/ofek/grocery_picking_ws/install/remote_control /usr/bin/cmake /home/ofek/grocery_picking_ws/src/slam/slam -DCMAKE_INSTALL_PREFIX=/home/ofek/grocery_picking_ws/install/slam
[0.789s] -- The C compiler identification is GNU 9.4.0
[0.790s] -- The CXX compiler identification is GNU 9.4.0
[0.790s] -- Check for working C compiler: /usr/bin/cc
[0.913s] -- Check for working C compiler: /usr/bin/cc -- works
[0.916s] -- Detecting C compiler ABI info
[1.202s] -- Detecting C compiler ABI info - done
[1.222s] -- Detecting C compile features
[1.225s] -- Detecting C compile features - done
[1.232s] -- Check for working CXX compiler: /usr/bin/c++
[1.461s] -- Check for working CXX compiler: /usr/bin/c++ -- works
[1.479s] -- Detecting CXX compiler ABI info
[1.676s] -- Detecting CXX compiler ABI info - done
[1.693s] -- Detecting CXX compile features
[1.695s] -- Detecting CXX compile features - done
[1.710s] -- Found ament_cmake: 0.9.12 (/opt/ros/foxy/share/ament_cmake/cmake)
[1.765s] -- Found PythonInterp: /usr/bin/python3 (found suitable version "3.8.10", minimum required is "3") 
[1.765s] -- Using PYTHON_EXECUTABLE: /usr/bin/python3
[2.249s] -- Found ament_lint_auto: 0.9.8 (/opt/ros/foxy/share/ament_lint_auto/cmake)
[2.424s] -- Added test 'copyright' to check source files copyright and LICENSE
[2.429s] -- Added test 'lint_cmake' to check CMake code style
[2.433s] -- Added test 'xmllint' to check XML markup files
[2.439s] -- Configuring done
[2.444s] -- Generating done
[2.446s] -- Build files have been written to: /home/ofek/grocery_picking_ws/build/slam
[2.462s] Invoked command in '/home/ofek/grocery_picking_ws/build/slam' returned '0': CMAKE_PREFIX_PATH=${CMAKE_PREFIX_PATH}:/opt/ros/foxy:/home/ofek/grocery_picking_ws/install/remote_control /usr/bin/cmake /home/ofek/grocery_picking_ws/src/slam/slam -DCMAKE_INSTALL_PREFIX=/home/ofek/grocery_picking_ws/install/slam
[2.468s] Invoking command in '/home/ofek/grocery_picking_ws/build/slam': CMAKE_PREFIX_PATH=${CMAKE_PREFIX_PATH}:/opt/ros/foxy:/home/ofek/grocery_picking_ws/install/remote_control /usr/bin/cmake --build /home/ofek/grocery_picking_ws/build/slam -- -j6 -l6
[2.644s] Invoked command in '/home/ofek/grocery_picking_ws/build/slam' returned '0': CMAKE_PREFIX_PATH=${CMAKE_PREFIX_PATH}:/opt/ros/foxy:/home/ofek/grocery_picking_ws/install/remote_control /usr/bin/cmake --build /home/ofek/grocery_picking_ws/build/slam -- -j6 -l6
[2.896s] Invoking command in '/home/ofek/grocery_picking_ws/build/slam': CMAKE_PREFIX_PATH=${CMAKE_PREFIX_PATH}:/opt/ros/foxy:/home/ofek/grocery_picking_ws/install/remote_control /usr/bin/cmake --install /home/ofek/grocery_picking_ws/build/slam
[2.940s] -- Install configuration: ""
[2.941s] -- Installing: /home/ofek/grocery_picking_ws/install/slam/share/slam/config
[2.942s] -- Installing: /home/ofek/grocery_picking_ws/install/slam/share/slam/config/snot_mapper_params_online_async.yaml
[2.943s] -- Up-to-date: /home/ofek/grocery_picking_ws/install/slam/share/slam/config
[2.943s] -- Up-to-date: /home/ofek/grocery_picking_ws/install/slam/share/slam/config/snot_mapper_params_online_async.yaml
[2.944s] -- Installing: /home/ofek/grocery_picking_ws/install/slam/share/ament_index/resource_index/package_run_dependencies/slam
[2.945s] -- Installing: /home/ofek/grocery_picking_ws/install/slam/share/ament_index/resource_index/parent_prefix_path/slam
[2.946s] -- Installing: /home/ofek/grocery_picking_ws/install/slam/share/slam/environment/ament_prefix_path.sh
[2.946s] -- Installing: /home/ofek/grocery_picking_ws/install/slam/share/slam/environment/ament_prefix_path.dsv
[2.948s] -- Installing: /home/ofek/grocery_picking_ws/install/slam/share/slam/environment/path.sh
[2.949s] -- Installing: /home/ofek/grocery_picking_ws/install/slam/share/slam/environment/path.dsv
[2.949s] -- Installing: /home/ofek/grocery_picking_ws/install/slam/share/slam/local_setup.bash
[2.949s] -- Installing: /home/ofek/grocery_picking_ws/install/slam/share/slam/local_setup.sh
[2.950s] -- Installing: /home/ofek/grocery_picking_ws/install/slam/share/slam/local_setup.zsh
[2.951s] -- Installing: /home/ofek/grocery_picking_ws/install/slam/share/slam/local_setup.dsv
[2.952s] -- Installing: /home/ofek/grocery_picking_ws/install/slam/share/slam/package.dsv
[2.952s] -- Installing: /home/ofek/grocery_picking_ws/install/slam/share/ament_index/resource_index/packages/slam
[2.953s] -- Installing: /home/ofek/grocery_picking_ws/install/slam/share/slam/cmake/slamConfig.cmake
[2.954s] -- Installing: /home/ofek/grocery_picking_ws/install/slam/share/slam/cmake/slamConfig-version.cmake
[2.955s] -- Installing: /home/ofek/grocery_picking_ws/install/slam/share/slam/package.xml
[2.967s] Invoked command in '/home/ofek/grocery_picking_ws/build/slam' returned '0': CMAKE_PREFIX_PATH=${CMAKE_PREFIX_PATH}:/opt/ros/foxy:/home/ofek/grocery_picking_ws/install/remote_control /usr/bin/cmake --install /home/ofek/grocery_picking_ws/build/slam
